2025-04-02 20:37:41.360 -03:00 [INF] Iniciando CommitQualityAnalyzer
2025-04-02 20:37:41.552 -03:00 [INF] Iniciando análise de commits das últimas 24 horas
2025-04-02 20:37:41.557 -03:00 [INF] Iniciando análise do repositório: D:\Edata\Vision\backend
2025-04-02 20:37:41.559 -03:00 [INF] Iniciando análise do repositório: D:\Edata\Vision\backend
2025-04-02 20:37:41.606 -03:00 [INF] Encontrados 3 commits nas últimas 24 horas
2025-04-02 20:37:41.608 -03:00 [INF] Encontrados 3 commits nas últimas 24 horas
2025-04-02 20:37:41.609 -03:00 [INF] Iniciando análise do commit: 83362ba9 de Israel Silva em "2025-04-02T15:02:57.0000000"
2025-04-02 20:37:41.610 -03:00 [INF] Iniciando análise do commit: 83362ba9 de Israel Silva em "2025-04-02T15:02:57.0000000"
2025-04-02 20:37:41.612 -03:00 [INF] Obtendo mudanças para o commit 83362ba9
2025-04-02 20:37:41.613 -03:00 [INF] Obtendo mudanças para o commit 83362ba9
2025-04-02 20:37:41.627 -03:00 [INF] Obtidas 1 alterações para o commit 83362ba9
2025-04-02 20:37:41.628 -03:00 [INF] Obtidas 1 alterações para o commit 83362ba9
2025-04-02 20:37:41.634 -03:00 [INF] Analisando arquivo: src/SupplyChain/Edata.Vision.Application.SupplyChain/ViewModels/CargoViewModels/CargoListQueryViewModel.cs
2025-04-02 20:37:41.635 -03:00 [INF] Analisando arquivo: src/SupplyChain/Edata.Vision.Application.SupplyChain/ViewModels/CargoViewModels/CargoListQueryViewModel.cs
2025-04-02 20:37:41.636 -03:00 [INF] Analisando diferenças para src/SupplyChain/Edata.Vision.Application.SupplyChain/ViewModels/CargoViewModels/CargoListQueryViewModel.cs (778 caracteres)
2025-04-02 20:37:41.637 -03:00 [INF] Analisando diferenças para src/SupplyChain/Edata.Vision.Application.SupplyChain/ViewModels/CargoViewModels/CargoListQueryViewModel.cs (778 caracteres)
2025-04-02 20:37:41.639 -03:00 [INF] Iniciando análise de diferenças para arquivo: src/SupplyChain/Edata.Vision.Application.SupplyChain/ViewModels/CargoViewModels/CargoListQueryViewModel.cs
2025-04-02 20:37:41.640 -03:00 [INF] Iniciando análise de diferenças para arquivo: src/SupplyChain/Edata.Vision.Application.SupplyChain/ViewModels/CargoViewModels/CargoListQueryViewModel.cs
2025-04-02 20:37:41.641 -03:00 [INF] Construindo prompt para análise de diferenças para arquivo src/SupplyChain/Edata.Vision.Application.SupplyChain/ViewModels/CargoViewModels/CargoListQueryViewModel.cs
2025-04-02 20:37:41.642 -03:00 [INF] Construindo prompt para análise de diferenças para arquivo src/SupplyChain/Edata.Vision.Application.SupplyChain/ViewModels/CargoViewModels/CargoListQueryViewModel.cs
2025-04-02 20:37:41.643 -03:00 [INF] Processando prompt completo para análise de diferenças
2025-04-02 20:37:41.644 -03:00 [INF] Processando prompt completo para análise de diferenças
2025-04-02 20:37:41.647 -03:00 [INF] Processando parte do prompt com 2299 caracteres usando modelo codellama:latest
2025-04-02 20:37:41.648 -03:00 [INF] Processando parte do prompt com 2299 caracteres usando modelo codellama:latest
2025-04-02 20:39:48.620 -03:00 [WRN] Não foi possível encontrar o início do JSON na resposta
2025-04-02 20:39:48.621 -03:00 [WRN] Não foi possível encontrar o início do JSON na resposta
2025-04-02 20:39:48.622 -03:00 [INF] Processamento concluído em 126.9726004 segundos
2025-04-02 20:39:48.623 -03:00 [INF] Processamento concluído em 126.9726004 segundos
2025-04-02 20:39:48.623 -03:00 [WRN] Não foi possível extrair JSON da resposta. Resposta original: 
Análise geral:

* Clean Code: Avaliação: 5/10. As alterações introduzem uma inconsistência de nomenclatura entre as classes "Edata.Vision.Domain.SupplyChain.Enums" e "Edata.Vision.Infrastructure.Data.Enum". Isso pode dificultar a leitura e a manutenção do código.
* Princípios SOLID: Avaliação: 5/10. As alterações introduzem uma inconsistência de nomenclatura entre as classes "Edata.Vision.Domain.SupplyChain.Enums" e "Edata.Vision.Infrastructure.Data.Enum". Isso pode dificultar a aderência ao...
2025-04-02 20:39:48.625 -03:00 [WRN] Não foi possível extrair JSON da resposta. Resposta original: 
Análise geral:

* Clean Code: Avaliação: 5/10. As alterações introduzem uma inconsistência de nomenclatura entre as classes "Edata.Vision.Domain.SupplyChain.Enums" e "Edata.Vision.Infrastructure.Data.Enum". Isso pode dificultar a leitura e a manutenção do código.
* Princípios SOLID: Avaliação: 5/10. As alterações introduzem uma inconsistência de nomenclatura entre as classes "Edata.Vision.Domain.SupplyChain.Enums" e "Edata.Vision.Infrastructure.Data.Enum". Isso pode dificultar a aderência ao...
2025-04-02 20:39:48.634 -03:00 [INF] Nenhuma proposta de refatoração encontrada para o arquivo src/SupplyChain/Edata.Vision.Application.SupplyChain/ViewModels/CargoViewModels/CargoListQueryViewModel.cs
2025-04-02 20:39:48.635 -03:00 [INF] Nenhuma proposta de refatoração encontrada para o arquivo src/SupplyChain/Edata.Vision.Application.SupplyChain/ViewModels/CargoViewModels/CargoListQueryViewModel.cs
2025-04-02 20:39:48.639 -03:00 [INF] Análise de diferenças concluída para arquivo src/SupplyChain/Edata.Vision.Application.SupplyChain/ViewModels/CargoViewModels/CargoListQueryViewModel.cs em 126.9976439 segundos. Pontuação final: 0
2025-04-02 20:39:48.640 -03:00 [INF] Análise de diferenças concluída para arquivo src/SupplyChain/Edata.Vision.Application.SupplyChain/ViewModels/CargoViewModels/CargoListQueryViewModel.cs em 126.9976439 segundos. Pontuação final: 0
2025-04-02 20:39:48.691 -03:00 [INF] Análise de diferenças salva para o arquivo src/SupplyChain/Edata.Vision.Application.SupplyChain/ViewModels/CargoViewModels/CargoListQueryViewModel.cs
2025-04-02 20:39:48.693 -03:00 [INF] Análise de diferenças salva para o arquivo src/SupplyChain/Edata.Vision.Application.SupplyChain/ViewModels/CargoViewModels/CargoListQueryViewModel.cs
2025-04-02 20:39:48.694 -03:00 [INF] Análise do commit 83362ba9 concluída em 127.0823715 segundos
2025-04-02 20:39:48.695 -03:00 [INF] Análise do commit 83362ba9 concluída em 127.0823715 segundos
2025-04-02 20:39:48.696 -03:00 [INF] Iniciando análise do commit: 1165f347 de Israel Silva em "2025-04-02T14:24:30.0000000"
2025-04-02 20:39:48.697 -03:00 [INF] Iniciando análise do commit: 1165f347 de Israel Silva em "2025-04-02T14:24:30.0000000"
2025-04-02 20:39:48.698 -03:00 [INF] Obtendo mudanças para o commit 1165f347
2025-04-02 20:39:48.699 -03:00 [INF] Obtendo mudanças para o commit 1165f347
2025-04-02 20:39:48.702 -03:00 [INF] Obtidas 10 alterações para o commit 1165f347
2025-04-02 20:39:48.703 -03:00 [INF] Obtidas 10 alterações para o commit 1165f347
2025-04-02 20:39:48.706 -03:00 [INF] Analisando arquivo: src/SupplyChain/Edata.Vision.Application.SupplyChain/Interfaces/ICargoService.cs
2025-04-02 20:39:48.707 -03:00 [INF] Analisando arquivo: src/SupplyChain/Edata.Vision.Application.SupplyChain/Interfaces/ICargoService.cs
2025-04-02 20:39:48.708 -03:00 [INF] Analisando diferenças para src/SupplyChain/Edata.Vision.Application.SupplyChain/Interfaces/ICargoService.cs (1153 caracteres)
2025-04-02 20:39:48.709 -03:00 [INF] Analisando diferenças para src/SupplyChain/Edata.Vision.Application.SupplyChain/Interfaces/ICargoService.cs (1153 caracteres)
2025-04-02 20:39:48.711 -03:00 [INF] Iniciando análise de diferenças para arquivo: src/SupplyChain/Edata.Vision.Application.SupplyChain/Interfaces/ICargoService.cs
2025-04-02 20:39:48.712 -03:00 [INF] Iniciando análise de diferenças para arquivo: src/SupplyChain/Edata.Vision.Application.SupplyChain/Interfaces/ICargoService.cs
2025-04-02 20:39:48.713 -03:00 [INF] Construindo prompt para análise de diferenças para arquivo src/SupplyChain/Edata.Vision.Application.SupplyChain/Interfaces/ICargoService.cs
2025-04-02 20:39:48.714 -03:00 [INF] Construindo prompt para análise de diferenças para arquivo src/SupplyChain/Edata.Vision.Application.SupplyChain/Interfaces/ICargoService.cs
2025-04-02 20:39:48.715 -03:00 [INF] Processando prompt completo para análise de diferenças
2025-04-02 20:39:48.716 -03:00 [INF] Processando prompt completo para análise de diferenças
2025-04-02 20:39:48.720 -03:00 [INF] Processando parte do prompt com 2648 caracteres usando modelo codellama:latest
2025-04-02 20:39:48.720 -03:00 [INF] Processando parte do prompt com 2648 caracteres usando modelo codellama:latest
2025-04-02 20:41:25.994 -03:00 [WRN] Não foi possível encontrar o início do JSON na resposta
2025-04-02 20:41:25.995 -03:00 [WRN] Não foi possível encontrar o início do JSON na resposta
2025-04-02 20:41:25.996 -03:00 [INF] Processamento concluído em 97.2744994 segundos
2025-04-02 20:41:25.997 -03:00 [INF] Processamento concluído em 97.2744994 segundos
2025-04-02 20:41:25.998 -03:00 [WRN] Não foi possível extrair JSON da resposta. Resposta original: 
Análise geral:

* Clean Code: Avaliação: 8/10. As alterações introduzem melhorias significativas na legibilidade e organização do código, mas ainda existem alguns problemas de nomenclatura e estrutura de pastas que podem ser melhorados.
* Princípios SOLID: Avaliação: 8/10. As alterações seguem os princípios SOLID, mas algumas delas podem ser melhoradas para garantir uma maior aderência a esses princípios.
* Design Patterns: Avaliação: 7/10. As alterações introduzem o uso de padrões de design, c...
2025-04-02 20:41:25.999 -03:00 [WRN] Não foi possível extrair JSON da resposta. Resposta original: 
Análise geral:

* Clean Code: Avaliação: 8/10. As alterações introduzem melhorias significativas na legibilidade e organização do código, mas ainda existem alguns problemas de nomenclatura e estrutura de pastas que podem ser melhorados.
* Princípios SOLID: Avaliação: 8/10. As alterações seguem os princípios SOLID, mas algumas delas podem ser melhoradas para garantir uma maior aderência a esses princípios.
* Design Patterns: Avaliação: 7/10. As alterações introduzem o uso de padrões de design, c...
2025-04-02 20:41:26.001 -03:00 [INF] Nenhuma proposta de refatoração encontrada para o arquivo src/SupplyChain/Edata.Vision.Application.SupplyChain/Interfaces/ICargoService.cs
2025-04-02 20:41:26.002 -03:00 [INF] Nenhuma proposta de refatoração encontrada para o arquivo src/SupplyChain/Edata.Vision.Application.SupplyChain/Interfaces/ICargoService.cs
2025-04-02 20:41:26.005 -03:00 [INF] Análise de diferenças concluída para arquivo src/SupplyChain/Edata.Vision.Application.SupplyChain/Interfaces/ICargoService.cs em 97.2918185 segundos. Pontuação final: 0
2025-04-02 20:41:26.006 -03:00 [INF] Análise de diferenças concluída para arquivo src/SupplyChain/Edata.Vision.Application.SupplyChain/Interfaces/ICargoService.cs em 97.2918185 segundos. Pontuação final: 0
2025-04-02 20:41:26.014 -03:00 [INF] Análise de diferenças salva para o arquivo src/SupplyChain/Edata.Vision.Application.SupplyChain/Interfaces/ICargoService.cs
2025-04-02 20:41:26.017 -03:00 [INF] Análise de diferenças salva para o arquivo src/SupplyChain/Edata.Vision.Application.SupplyChain/Interfaces/ICargoService.cs
2025-04-02 20:41:26.019 -03:00 [INF] Analisando arquivo: src/SupplyChain/Edata.Vision.Application.SupplyChain/Mappers/CargoListQueryMapper.cs
2025-04-02 20:41:26.019 -03:00 [INF] Analisando arquivo: src/SupplyChain/Edata.Vision.Application.SupplyChain/Mappers/CargoListQueryMapper.cs
2025-04-02 20:41:26.020 -03:00 [INF] Analisando diferenças para src/SupplyChain/Edata.Vision.Application.SupplyChain/Mappers/CargoListQueryMapper.cs (629 caracteres)
2025-04-02 20:41:26.021 -03:00 [INF] Analisando diferenças para src/SupplyChain/Edata.Vision.Application.SupplyChain/Mappers/CargoListQueryMapper.cs (629 caracteres)
2025-04-02 20:41:26.023 -03:00 [INF] Iniciando análise de diferenças para arquivo: src/SupplyChain/Edata.Vision.Application.SupplyChain/Mappers/CargoListQueryMapper.cs
2025-04-02 20:41:26.024 -03:00 [INF] Iniciando análise de diferenças para arquivo: src/SupplyChain/Edata.Vision.Application.SupplyChain/Mappers/CargoListQueryMapper.cs
2025-04-02 20:41:26.026 -03:00 [INF] Construindo prompt para análise de diferenças para arquivo src/SupplyChain/Edata.Vision.Application.SupplyChain/Mappers/CargoListQueryMapper.cs
2025-04-02 20:41:26.027 -03:00 [INF] Construindo prompt para análise de diferenças para arquivo src/SupplyChain/Edata.Vision.Application.SupplyChain/Mappers/CargoListQueryMapper.cs
2025-04-02 20:41:26.028 -03:00 [INF] Processando prompt completo para análise de diferenças
2025-04-02 20:41:26.029 -03:00 [INF] Processando prompt completo para análise de diferenças
2025-04-02 20:41:26.029 -03:00 [INF] Processando parte do prompt com 2128 caracteres usando modelo codellama:latest
2025-04-02 20:41:26.030 -03:00 [INF] Processando parte do prompt com 2128 caracteres usando modelo codellama:latest
2025-04-02 20:43:00.251 -03:00 [WRN] Não foi possível encontrar o início do JSON na resposta
2025-04-02 20:43:00.251 -03:00 [WRN] Não foi possível encontrar o início do JSON na resposta
2025-04-02 20:43:00.252 -03:00 [INF] Processamento concluído em 94.2201879 segundos
2025-04-02 20:43:00.253 -03:00 [INF] Processamento concluído em 94.2201879 segundos
2025-04-02 20:43:00.254 -03:00 [WRN] Não foi possível extrair JSON da resposta. Resposta original: 
Análise geral:

* Clean Code: Avaliação: 5/10. As alterações introduzem novas dependências e classes, o que pode afetar a legibilidade do código. É importante garantir que essas novas dependências estejam bem documentadas e que elas sejam necessárias para o funcionamento correto do sistema.
* Princípios SOLID: Avaliação: 8/10. As alterações seguem os princípios SOLID, com exceção da dependência excessiva em classes específicas. É importante garantir que essas dependências sejam necessárias e qu...
2025-04-02 20:43:00.256 -03:00 [WRN] Não foi possível extrair JSON da resposta. Resposta original: 
Análise geral:

* Clean Code: Avaliação: 5/10. As alterações introduzem novas dependências e classes, o que pode afetar a legibilidade do código. É importante garantir que essas novas dependências estejam bem documentadas e que elas sejam necessárias para o funcionamento correto do sistema.
* Princípios SOLID: Avaliação: 8/10. As alterações seguem os princípios SOLID, com exceção da dependência excessiva em classes específicas. É importante garantir que essas dependências sejam necessárias e qu...
2025-04-02 20:43:00.257 -03:00 [INF] Nenhuma proposta de refatoração encontrada para o arquivo src/SupplyChain/Edata.Vision.Application.SupplyChain/Mappers/CargoListQueryMapper.cs
2025-04-02 20:43:00.258 -03:00 [INF] Nenhuma proposta de refatoração encontrada para o arquivo src/SupplyChain/Edata.Vision.Application.SupplyChain/Mappers/CargoListQueryMapper.cs
2025-04-02 20:43:00.259 -03:00 [INF] Análise de diferenças concluída para arquivo src/SupplyChain/Edata.Vision.Application.SupplyChain/Mappers/CargoListQueryMapper.cs em 94.2337544 segundos. Pontuação final: 0
2025-04-02 20:43:00.262 -03:00 [INF] Análise de diferenças concluída para arquivo src/SupplyChain/Edata.Vision.Application.SupplyChain/Mappers/CargoListQueryMapper.cs em 94.2337544 segundos. Pontuação final: 0
2025-04-02 20:43:00.265 -03:00 [INF] Análise de diferenças salva para o arquivo src/SupplyChain/Edata.Vision.Application.SupplyChain/Mappers/CargoListQueryMapper.cs
2025-04-02 20:43:00.266 -03:00 [INF] Análise de diferenças salva para o arquivo src/SupplyChain/Edata.Vision.Application.SupplyChain/Mappers/CargoListQueryMapper.cs
2025-04-02 20:43:00.268 -03:00 [INF] Analisando arquivo: src/SupplyChain/Edata.Vision.Application.SupplyChain/Services/CargoService.cs
2025-04-02 20:43:00.268 -03:00 [INF] Analisando arquivo: src/SupplyChain/Edata.Vision.Application.SupplyChain/Services/CargoService.cs
2025-04-02 20:43:00.269 -03:00 [INF] Analisando diferenças para src/SupplyChain/Edata.Vision.Application.SupplyChain/Services/CargoService.cs (4467 caracteres)
2025-04-02 20:43:00.271 -03:00 [INF] Analisando diferenças para src/SupplyChain/Edata.Vision.Application.SupplyChain/Services/CargoService.cs (4467 caracteres)
2025-04-02 20:43:00.273 -03:00 [INF] Iniciando análise de diferenças para arquivo: src/SupplyChain/Edata.Vision.Application.SupplyChain/Services/CargoService.cs
2025-04-02 20:43:00.274 -03:00 [INF] Iniciando análise de diferenças para arquivo: src/SupplyChain/Edata.Vision.Application.SupplyChain/Services/CargoService.cs
2025-04-02 20:43:00.275 -03:00 [INF] Construindo prompt para análise de diferenças para arquivo src/SupplyChain/Edata.Vision.Application.SupplyChain/Services/CargoService.cs
2025-04-02 20:43:00.276 -03:00 [INF] Construindo prompt para análise de diferenças para arquivo src/SupplyChain/Edata.Vision.Application.SupplyChain/Services/CargoService.cs
2025-04-02 20:43:00.277 -03:00 [INF] Processando prompt completo para análise de diferenças
2025-04-02 20:43:00.278 -03:00 [INF] Processando prompt completo para análise de diferenças
2025-04-02 20:43:00.278 -03:00 [INF] Processando parte do prompt com 5959 caracteres usando modelo codellama:latest
2025-04-02 20:43:00.279 -03:00 [INF] Processando parte do prompt com 5959 caracteres usando modelo codellama:latest
2025-04-02 20:47:49.525 -03:00 [INF] Iniciando CommitQualityAnalyzer
2025-04-02 20:47:49.718 -03:00 [INF] Iniciando análise de commits das últimas 24 horas
2025-04-02 20:47:49.723 -03:00 [INF] Iniciando análise do repositório: D:\Edata\Vision\backend
2025-04-02 20:47:49.725 -03:00 [INF] Iniciando análise do repositório: D:\Edata\Vision\backend
2025-04-02 20:47:49.771 -03:00 [INF] Encontrados 3 commits nas últimas 24 horas
2025-04-02 20:47:49.773 -03:00 [INF] Encontrados 3 commits nas últimas 24 horas
2025-04-02 20:47:49.774 -03:00 [INF] Iniciando análise do commit: 83362ba9 de Israel Silva em "2025-04-02T15:02:57.0000000"
2025-04-02 20:47:49.776 -03:00 [INF] Iniciando análise do commit: 83362ba9 de Israel Silva em "2025-04-02T15:02:57.0000000"
2025-04-02 20:47:49.777 -03:00 [INF] Obtendo mudanças para o commit 83362ba9
2025-04-02 20:47:49.777 -03:00 [INF] Obtendo mudanças para o commit 83362ba9
2025-04-02 20:47:49.792 -03:00 [INF] Obtidas 1 alterações para o commit 83362ba9
2025-04-02 20:47:49.793 -03:00 [INF] Obtidas 1 alterações para o commit 83362ba9
2025-04-02 20:47:49.800 -03:00 [INF] Analisando arquivo: src/SupplyChain/Edata.Vision.Application.SupplyChain/ViewModels/CargoViewModels/CargoListQueryViewModel.cs
2025-04-02 20:47:49.801 -03:00 [INF] Analisando arquivo: src/SupplyChain/Edata.Vision.Application.SupplyChain/ViewModels/CargoViewModels/CargoListQueryViewModel.cs
2025-04-02 20:47:49.802 -03:00 [INF] Analisando diferenças para src/SupplyChain/Edata.Vision.Application.SupplyChain/ViewModels/CargoViewModels/CargoListQueryViewModel.cs (778 caracteres)
2025-04-02 20:47:49.803 -03:00 [INF] Analisando diferenças para src/SupplyChain/Edata.Vision.Application.SupplyChain/ViewModels/CargoViewModels/CargoListQueryViewModel.cs (778 caracteres)
2025-04-02 20:47:49.806 -03:00 [INF] Iniciando análise de diferenças para arquivo: src/SupplyChain/Edata.Vision.Application.SupplyChain/ViewModels/CargoViewModels/CargoListQueryViewModel.cs
2025-04-02 20:47:49.807 -03:00 [INF] Iniciando análise de diferenças para arquivo: src/SupplyChain/Edata.Vision.Application.SupplyChain/ViewModels/CargoViewModels/CargoListQueryViewModel.cs
2025-04-02 20:47:49.809 -03:00 [INF] Construindo prompt para análise de diferenças para arquivo src/SupplyChain/Edata.Vision.Application.SupplyChain/ViewModels/CargoViewModels/CargoListQueryViewModel.cs
2025-04-02 20:47:49.814 -03:00 [INF] Construindo prompt para análise de diferenças para arquivo src/SupplyChain/Edata.Vision.Application.SupplyChain/ViewModels/CargoViewModels/CargoListQueryViewModel.cs
2025-04-02 20:47:49.815 -03:00 [INF] Processando prompt completo para análise de diferenças
2025-04-02 20:47:49.816 -03:00 [INF] Processando prompt completo para análise de diferenças
2025-04-02 20:47:49.818 -03:00 [INF] Processando parte do prompt com 2299 caracteres usando modelo codellama:latest
2025-04-02 20:47:49.819 -03:00 [INF] Processando parte do prompt com 2299 caracteres usando modelo codellama:latest
2025-04-02 20:50:07.853 -03:00 [WRN] Não foi possível encontrar o início do JSON na resposta
2025-04-02 20:50:07.854 -03:00 [WRN] Não foi possível encontrar o início do JSON na resposta
2025-04-02 20:50:07.855 -03:00 [INF] Processamento concluído em 138.0347735 segundos
2025-04-02 20:50:07.855 -03:00 [INF] Processamento concluído em 138.0347735 segundos
2025-04-02 20:50:07.857 -03:00 [WRN] Não foi possível extrair JSON da resposta. Resposta original: 
Análise geral:

* Clean Code: 8/10 - A classe `CargoListQueryViewModel` foi renomeada de `CompanyId` para `Company`, o que é uma melhoria significativa na legibilidade e organização do código. No entanto, a adição de um novo membro `BranchId` pode ter introduzido confusão, pois não há nenhum membro correspondente no modelo de domínio.
* Princípios SOLID: 6/10 - A classe `CargoListQueryViewModel` viola o princípio da responsabilidade única (SRP) devido à presença de vários membros que representa...
2025-04-02 20:50:07.859 -03:00 [WRN] Não foi possível extrair JSON da resposta. Resposta original: 
Análise geral:

* Clean Code: 8/10 - A classe `CargoListQueryViewModel` foi renomeada de `CompanyId` para `Company`, o que é uma melhoria significativa na legibilidade e organização do código. No entanto, a adição de um novo membro `BranchId` pode ter introduzido confusão, pois não há nenhum membro correspondente no modelo de domínio.
* Princípios SOLID: 6/10 - A classe `CargoListQueryViewModel` viola o princípio da responsabilidade única (SRP) devido à presença de vários membros que representa...
2025-04-02 20:50:07.867 -03:00 [INF] Nenhuma proposta de refatoração encontrada para o arquivo src/SupplyChain/Edata.Vision.Application.SupplyChain/ViewModels/CargoViewModels/CargoListQueryViewModel.cs
2025-04-02 20:50:07.868 -03:00 [INF] Nenhuma proposta de refatoração encontrada para o arquivo src/SupplyChain/Edata.Vision.Application.SupplyChain/ViewModels/CargoViewModels/CargoListQueryViewModel.cs
2025-04-02 20:50:07.873 -03:00 [INF] Análise de diferenças concluída para arquivo src/SupplyChain/Edata.Vision.Application.SupplyChain/ViewModels/CargoViewModels/CargoListQueryViewModel.cs em 138.0649558 segundos. Pontuação final: 0
2025-04-02 20:50:07.875 -03:00 [INF] Análise de diferenças concluída para arquivo src/SupplyChain/Edata.Vision.Application.SupplyChain/ViewModels/CargoViewModels/CargoListQueryViewModel.cs em 138.0649558 segundos. Pontuação final: 0
2025-04-02 20:50:07.924 -03:00 [INF] Análise salva com sucesso para o arquivo src/SupplyChain/Edata.Vision.Application.SupplyChain/ViewModels/CargoViewModels/CargoListQueryViewModel.cs
2025-04-02 20:50:07.925 -03:00 [INF] Análise salva com sucesso para o arquivo src/SupplyChain/Edata.Vision.Application.SupplyChain/ViewModels/CargoViewModels/CargoListQueryViewModel.cs
2025-04-02 20:50:07.926 -03:00 [INF] Análise do commit 83362ba9 concluída em 138.1496135 segundos
2025-04-02 20:50:07.927 -03:00 [INF] Análise do commit 83362ba9 concluída em 138.1496135 segundos
2025-04-02 20:50:07.928 -03:00 [INF] Iniciando análise do commit: 1165f347 de Israel Silva em "2025-04-02T14:24:30.0000000"
2025-04-02 20:50:07.929 -03:00 [INF] Iniciando análise do commit: 1165f347 de Israel Silva em "2025-04-02T14:24:30.0000000"
2025-04-02 20:50:07.930 -03:00 [INF] Obtendo mudanças para o commit 1165f347
2025-04-02 20:50:07.930 -03:00 [INF] Obtendo mudanças para o commit 1165f347
2025-04-02 20:50:07.934 -03:00 [INF] Obtidas 10 alterações para o commit 1165f347
2025-04-02 20:50:07.935 -03:00 [INF] Obtidas 10 alterações para o commit 1165f347
2025-04-02 20:50:07.936 -03:00 [INF] Analisando arquivo: src/SupplyChain/Edata.Vision.Application.SupplyChain/Interfaces/ICargoService.cs
2025-04-02 20:50:07.940 -03:00 [INF] Analisando arquivo: src/SupplyChain/Edata.Vision.Application.SupplyChain/Interfaces/ICargoService.cs
2025-04-02 20:50:07.941 -03:00 [INF] Analisando diferenças para src/SupplyChain/Edata.Vision.Application.SupplyChain/Interfaces/ICargoService.cs (1153 caracteres)
2025-04-02 20:50:07.942 -03:00 [INF] Analisando diferenças para src/SupplyChain/Edata.Vision.Application.SupplyChain/Interfaces/ICargoService.cs (1153 caracteres)
2025-04-02 20:50:07.943 -03:00 [INF] Iniciando análise de diferenças para arquivo: src/SupplyChain/Edata.Vision.Application.SupplyChain/Interfaces/ICargoService.cs
2025-04-02 20:50:07.945 -03:00 [INF] Iniciando análise de diferenças para arquivo: src/SupplyChain/Edata.Vision.Application.SupplyChain/Interfaces/ICargoService.cs
2025-04-02 20:50:07.946 -03:00 [INF] Construindo prompt para análise de diferenças para arquivo src/SupplyChain/Edata.Vision.Application.SupplyChain/Interfaces/ICargoService.cs
2025-04-02 20:50:07.946 -03:00 [INF] Construindo prompt para análise de diferenças para arquivo src/SupplyChain/Edata.Vision.Application.SupplyChain/Interfaces/ICargoService.cs
2025-04-02 20:50:07.947 -03:00 [INF] Processando prompt completo para análise de diferenças
2025-04-02 20:50:07.948 -03:00 [INF] Processando prompt completo para análise de diferenças
2025-04-02 20:50:07.949 -03:00 [INF] Processando parte do prompt com 2648 caracteres usando modelo codellama:latest
2025-04-02 20:50:07.949 -03:00 [INF] Processando parte do prompt com 2648 caracteres usando modelo codellama:latest
2025-04-02 20:51:34.470 -03:00 [WRN] Não foi possível encontrar o início do JSON na resposta
2025-04-02 20:51:34.471 -03:00 [WRN] Não foi possível encontrar o início do JSON na resposta
2025-04-02 20:51:34.472 -03:00 [INF] Processamento concluído em 86.5214628 segundos
2025-04-02 20:51:34.472 -03:00 [INF] Processamento concluído em 86.5214628 segundos
2025-04-02 20:51:34.473 -03:00 [WRN] Não foi possível extrair JSON da resposta. Resposta original: 
Análise geral:

* Clean Code: Avaliação: 8/10. As alterações melhoraram a legibilidade e organização do código, mas algumas linhas foram removidas ou adicionadas sem motivo aparente.
* Princípios SOLID: Avaliação: 7/10. As alterações seguem alguns dos princípios SOLID, como a separação de responsabilidades e a abstração, mas não seguem todos os princípios.
* Design Patterns: Avaliação: 6/10. As alterações introduziram o padrão de projeto "Builder" para construir objetos complexos, mas não utili...
2025-04-02 20:51:34.475 -03:00 [WRN] Não foi possível extrair JSON da resposta. Resposta original: 
Análise geral:

* Clean Code: Avaliação: 8/10. As alterações melhoraram a legibilidade e organização do código, mas algumas linhas foram removidas ou adicionadas sem motivo aparente.
* Princípios SOLID: Avaliação: 7/10. As alterações seguem alguns dos princípios SOLID, como a separação de responsabilidades e a abstração, mas não seguem todos os princípios.
* Design Patterns: Avaliação: 6/10. As alterações introduziram o padrão de projeto "Builder" para construir objetos complexos, mas não utili...
2025-04-02 20:51:34.477 -03:00 [INF] Nenhuma proposta de refatoração encontrada para o arquivo src/SupplyChain/Edata.Vision.Application.SupplyChain/Interfaces/ICargoService.cs
2025-04-02 20:51:34.478 -03:00 [INF] Nenhuma proposta de refatoração encontrada para o arquivo src/SupplyChain/Edata.Vision.Application.SupplyChain/Interfaces/ICargoService.cs
2025-04-02 20:51:34.483 -03:00 [INF] Análise de diferenças concluída para arquivo src/SupplyChain/Edata.Vision.Application.SupplyChain/Interfaces/ICargoService.cs em 86.537237 segundos. Pontuação final: 0
2025-04-02 20:51:34.484 -03:00 [INF] Análise de diferenças concluída para arquivo src/SupplyChain/Edata.Vision.Application.SupplyChain/Interfaces/ICargoService.cs em 86.537237 segundos. Pontuação final: 0
2025-04-02 20:51:34.492 -03:00 [INF] Análise salva com sucesso para o arquivo src/SupplyChain/Edata.Vision.Application.SupplyChain/Interfaces/ICargoService.cs
2025-04-02 20:51:34.493 -03:00 [INF] Análise salva com sucesso para o arquivo src/SupplyChain/Edata.Vision.Application.SupplyChain/Interfaces/ICargoService.cs
2025-04-02 20:51:34.493 -03:00 [INF] Analisando arquivo: src/SupplyChain/Edata.Vision.Application.SupplyChain/Mappers/CargoListQueryMapper.cs
2025-04-02 20:51:34.494 -03:00 [INF] Analisando arquivo: src/SupplyChain/Edata.Vision.Application.SupplyChain/Mappers/CargoListQueryMapper.cs
2025-04-02 20:51:34.495 -03:00 [INF] Analisando diferenças para src/SupplyChain/Edata.Vision.Application.SupplyChain/Mappers/CargoListQueryMapper.cs (629 caracteres)
2025-04-02 20:51:34.496 -03:00 [INF] Analisando diferenças para src/SupplyChain/Edata.Vision.Application.SupplyChain/Mappers/CargoListQueryMapper.cs (629 caracteres)
2025-04-02 20:51:34.497 -03:00 [INF] Iniciando análise de diferenças para arquivo: src/SupplyChain/Edata.Vision.Application.SupplyChain/Mappers/CargoListQueryMapper.cs
2025-04-02 20:51:34.498 -03:00 [INF] Iniciando análise de diferenças para arquivo: src/SupplyChain/Edata.Vision.Application.SupplyChain/Mappers/CargoListQueryMapper.cs
2025-04-02 20:51:34.499 -03:00 [INF] Construindo prompt para análise de diferenças para arquivo src/SupplyChain/Edata.Vision.Application.SupplyChain/Mappers/CargoListQueryMapper.cs
2025-04-02 20:51:34.503 -03:00 [INF] Construindo prompt para análise de diferenças para arquivo src/SupplyChain/Edata.Vision.Application.SupplyChain/Mappers/CargoListQueryMapper.cs
2025-04-02 20:51:34.504 -03:00 [INF] Processando prompt completo para análise de diferenças
2025-04-02 20:51:34.504 -03:00 [INF] Processando prompt completo para análise de diferenças
2025-04-02 20:51:34.505 -03:00 [INF] Processando parte do prompt com 2128 caracteres usando modelo codellama:latest
2025-04-02 20:51:34.506 -03:00 [INF] Processando parte do prompt com 2128 caracteres usando modelo codellama:latest
2025-04-02 20:52:56.708 -03:00 [WRN] Não foi possível encontrar o início do JSON na resposta
2025-04-02 20:52:56.708 -03:00 [WRN] Não foi possível encontrar o início do JSON na resposta
2025-04-02 20:52:56.709 -03:00 [INF] Processamento concluído em 82.2024203 segundos
2025-04-02 20:52:56.710 -03:00 [INF] Processamento concluído em 82.2024203 segundos
2025-04-02 20:52:56.711 -03:00 [WRN] Não foi possível extrair JSON da resposta. Resposta original: 
Análise geral:

* Clean Code: Avaliação: 8/10. As alterações introduzem novas dependências e classes, mas não afetam a legibilidade do código existente.
* Princípios SOLID: Avaliação: 9/10. As alterações seguem os princípios SOLID, como o Single Responsibility Principle (SRP) e o Open-Closed Principle (OCP).
* Design Patterns: Avaliação: 7/10. As alterações introduzem o padrão de projeto Mapper, que é útil para mapear entidades para modelos de exibição. No entanto, não há evidências de que os d...
2025-04-02 20:52:56.713 -03:00 [WRN] Não foi possível extrair JSON da resposta. Resposta original: 
Análise geral:

* Clean Code: Avaliação: 8/10. As alterações introduzem novas dependências e classes, mas não afetam a legibilidade do código existente.
* Princípios SOLID: Avaliação: 9/10. As alterações seguem os princípios SOLID, como o Single Responsibility Principle (SRP) e o Open-Closed Principle (OCP).
* Design Patterns: Avaliação: 7/10. As alterações introduzem o padrão de projeto Mapper, que é útil para mapear entidades para modelos de exibição. No entanto, não há evidências de que os d...
2025-04-02 20:52:56.714 -03:00 [INF] Nenhuma proposta de refatoração encontrada para o arquivo src/SupplyChain/Edata.Vision.Application.SupplyChain/Mappers/CargoListQueryMapper.cs
2025-04-02 20:52:56.715 -03:00 [INF] Nenhuma proposta de refatoração encontrada para o arquivo src/SupplyChain/Edata.Vision.Application.SupplyChain/Mappers/CargoListQueryMapper.cs
2025-04-02 20:52:56.716 -03:00 [INF] Análise de diferenças concluída para arquivo src/SupplyChain/Edata.Vision.Application.SupplyChain/Mappers/CargoListQueryMapper.cs em 82.2176599 segundos. Pontuação final: 0
2025-04-02 20:52:56.719 -03:00 [INF] Análise de diferenças concluída para arquivo src/SupplyChain/Edata.Vision.Application.SupplyChain/Mappers/CargoListQueryMapper.cs em 82.2176599 segundos. Pontuação final: 0
2025-04-02 20:52:56.723 -03:00 [INF] Análise salva com sucesso para o arquivo src/SupplyChain/Edata.Vision.Application.SupplyChain/Mappers/CargoListQueryMapper.cs
2025-04-02 20:52:56.723 -03:00 [INF] Análise salva com sucesso para o arquivo src/SupplyChain/Edata.Vision.Application.SupplyChain/Mappers/CargoListQueryMapper.cs
2025-04-02 20:52:56.724 -03:00 [INF] Analisando arquivo: src/SupplyChain/Edata.Vision.Application.SupplyChain/Services/CargoService.cs
2025-04-02 20:52:56.725 -03:00 [INF] Analisando arquivo: src/SupplyChain/Edata.Vision.Application.SupplyChain/Services/CargoService.cs
2025-04-02 20:52:56.726 -03:00 [INF] Analisando diferenças para src/SupplyChain/Edata.Vision.Application.SupplyChain/Services/CargoService.cs (4467 caracteres)
2025-04-02 20:52:56.727 -03:00 [INF] Analisando diferenças para src/SupplyChain/Edata.Vision.Application.SupplyChain/Services/CargoService.cs (4467 caracteres)
2025-04-02 20:52:56.729 -03:00 [INF] Iniciando análise de diferenças para arquivo: src/SupplyChain/Edata.Vision.Application.SupplyChain/Services/CargoService.cs
2025-04-02 20:52:56.730 -03:00 [INF] Iniciando análise de diferenças para arquivo: src/SupplyChain/Edata.Vision.Application.SupplyChain/Services/CargoService.cs
2025-04-02 20:52:56.731 -03:00 [INF] Construindo prompt para análise de diferenças para arquivo src/SupplyChain/Edata.Vision.Application.SupplyChain/Services/CargoService.cs
2025-04-02 20:52:56.732 -03:00 [INF] Construindo prompt para análise de diferenças para arquivo src/SupplyChain/Edata.Vision.Application.SupplyChain/Services/CargoService.cs
2025-04-02 20:52:56.733 -03:00 [INF] Processando prompt completo para análise de diferenças
2025-04-02 20:52:56.733 -03:00 [INF] Processando prompt completo para análise de diferenças
2025-04-02 20:52:56.734 -03:00 [INF] Processando parte do prompt com 5959 caracteres usando modelo codellama:latest
2025-04-02 20:52:56.735 -03:00 [INF] Processando parte do prompt com 5959 caracteres usando modelo codellama:latest
2025-04-02 20:54:52.575 -03:00 [WRN] Não foi possível encontrar o início do JSON na resposta
2025-04-02 20:54:52.575 -03:00 [WRN] Não foi possível encontrar o início do JSON na resposta
2025-04-02 20:54:52.576 -03:00 [INF] Processamento concluído em 115.8402999 segundos
2025-04-02 20:54:52.577 -03:00 [INF] Processamento concluído em 115.8402999 segundos
2025-04-02 20:54:52.578 -03:00 [WRN] Não foi possível extrair JSON da resposta. Resposta original: 
Análise geral:

* A legibilidade, simplicidade e organização do código foram melhoradas.
* As alterações seguem ou melhoram a aderência aos princípios SOLID.
* Padrões de design foram aplicados ou melhorados.
* As alterações facilitam o teste do código.
* As alterações introduzem ou corrigem problemas de segurança.

Nota final: 8/10

Comentário geral: A análise geral indica que as alterações melhoraram a legibilidade, simplicidade e organização do código, seguiram ou melhoraram a aderência aos ...
2025-04-02 20:54:52.579 -03:00 [WRN] Não foi possível extrair JSON da resposta. Resposta original: 
Análise geral:

* A legibilidade, simplicidade e organização do código foram melhoradas.
* As alterações seguem ou melhoram a aderência aos princípios SOLID.
* Padrões de design foram aplicados ou melhorados.
* As alterações facilitam o teste do código.
* As alterações introduzem ou corrigem problemas de segurança.

Nota final: 8/10

Comentário geral: A análise geral indica que as alterações melhoraram a legibilidade, simplicidade e organização do código, seguiram ou melhoraram a aderência aos ...
2025-04-02 20:54:52.581 -03:00 [INF] Nenhuma proposta de refatoração encontrada para o arquivo src/SupplyChain/Edata.Vision.Application.SupplyChain/Services/CargoService.cs
2025-04-02 20:54:52.582 -03:00 [INF] Nenhuma proposta de refatoração encontrada para o arquivo src/SupplyChain/Edata.Vision.Application.SupplyChain/Services/CargoService.cs
2025-04-02 20:54:52.583 -03:00 [INF] Análise de diferenças concluída para arquivo src/SupplyChain/Edata.Vision.Application.SupplyChain/Services/CargoService.cs em 115.8514787 segundos. Pontuação final: 0
2025-04-02 20:54:52.585 -03:00 [INF] Análise de diferenças concluída para arquivo src/SupplyChain/Edata.Vision.Application.SupplyChain/Services/CargoService.cs em 115.8514787 segundos. Pontuação final: 0
2025-04-02 20:54:52.588 -03:00 [INF] Análise salva com sucesso para o arquivo src/SupplyChain/Edata.Vision.Application.SupplyChain/Services/CargoService.cs
2025-04-02 20:54:52.588 -03:00 [INF] Análise salva com sucesso para o arquivo src/SupplyChain/Edata.Vision.Application.SupplyChain/Services/CargoService.cs
2025-04-02 20:54:52.589 -03:00 [INF] Analisando arquivo: src/SupplyChain/Edata.Vision.Application.SupplyChain/ViewModels/CargoViewModels/CargoListQueryViewModel.cs
2025-04-02 20:54:52.590 -03:00 [INF] Analisando arquivo: src/SupplyChain/Edata.Vision.Application.SupplyChain/ViewModels/CargoViewModels/CargoListQueryViewModel.cs
2025-04-02 20:54:52.590 -03:00 [INF] Analisando diferenças para src/SupplyChain/Edata.Vision.Application.SupplyChain/ViewModels/CargoViewModels/CargoListQueryViewModel.cs (715 caracteres)
2025-04-02 20:54:52.591 -03:00 [INF] Analisando diferenças para src/SupplyChain/Edata.Vision.Application.SupplyChain/ViewModels/CargoViewModels/CargoListQueryViewModel.cs (715 caracteres)
2025-04-02 20:54:52.592 -03:00 [INF] Iniciando análise de diferenças para arquivo: src/SupplyChain/Edata.Vision.Application.SupplyChain/ViewModels/CargoViewModels/CargoListQueryViewModel.cs
2025-04-02 20:54:52.593 -03:00 [INF] Iniciando análise de diferenças para arquivo: src/SupplyChain/Edata.Vision.Application.SupplyChain/ViewModels/CargoViewModels/CargoListQueryViewModel.cs
2025-04-02 20:54:52.595 -03:00 [INF] Construindo prompt para análise de diferenças para arquivo src/SupplyChain/Edata.Vision.Application.SupplyChain/ViewModels/CargoViewModels/CargoListQueryViewModel.cs
2025-04-02 20:54:52.596 -03:00 [INF] Construindo prompt para análise de diferenças para arquivo src/SupplyChain/Edata.Vision.Application.SupplyChain/ViewModels/CargoViewModels/CargoListQueryViewModel.cs
2025-04-02 20:54:52.597 -03:00 [INF] Processando prompt completo para análise de diferenças
2025-04-02 20:54:52.597 -03:00 [INF] Processando prompt completo para análise de diferenças
2025-04-02 20:54:52.598 -03:00 [INF] Processando parte do prompt com 2236 caracteres usando modelo codellama:latest
2025-04-02 20:54:52.599 -03:00 [INF] Processando parte do prompt com 2236 caracteres usando modelo codellama:latest
2025-04-02 20:56:20.881 -03:00 [WRN] Não foi possível encontrar o início do JSON na resposta
2025-04-02 20:56:20.881 -03:00 [WRN] Não foi possível encontrar o início do JSON na resposta
2025-04-02 20:56:20.882 -03:00 [INF] Processamento concluído em 88.282583 segundos
2025-04-02 20:56:20.883 -03:00 [INF] Processamento concluído em 88.282583 segundos
2025-04-02 20:56:20.884 -03:00 [WRN] Não foi possível extrair JSON da resposta. Resposta original: 
Análise geral:

* Clean Code: Avaliação: 8/10. As alterações introduziram novos namespaces e classes, mas não alteraram significativamente a legibilidade do código.
* Princípios SOLID: Avaliação: 9/10. As alterações seguem os princípios SOLID, como o Single Responsibility Principle (SRP) e o Open-Closed Principle (OCP).
* Design Patterns: Avaliação: 8/10. As alterações introduziram o uso de padrões de design, como o Factory Method e o Dependency Injection, mas não foram aplicados de forma consi...
2025-04-02 20:56:20.885 -03:00 [WRN] Não foi possível extrair JSON da resposta. Resposta original: 
Análise geral:

* Clean Code: Avaliação: 8/10. As alterações introduziram novos namespaces e classes, mas não alteraram significativamente a legibilidade do código.
* Princípios SOLID: Avaliação: 9/10. As alterações seguem os princípios SOLID, como o Single Responsibility Principle (SRP) e o Open-Closed Principle (OCP).
* Design Patterns: Avaliação: 8/10. As alterações introduziram o uso de padrões de design, como o Factory Method e o Dependency Injection, mas não foram aplicados de forma consi...
2025-04-02 20:56:20.887 -03:00 [INF] Nenhuma proposta de refatoração encontrada para o arquivo src/SupplyChain/Edata.Vision.Application.SupplyChain/ViewModels/CargoViewModels/CargoListQueryViewModel.cs
2025-04-02 20:56:20.888 -03:00 [INF] Nenhuma proposta de refatoração encontrada para o arquivo src/SupplyChain/Edata.Vision.Application.SupplyChain/ViewModels/CargoViewModels/CargoListQueryViewModel.cs
2025-04-02 20:56:20.889 -03:00 [INF] Análise de diferenças concluída para arquivo src/SupplyChain/Edata.Vision.Application.SupplyChain/ViewModels/CargoViewModels/CargoListQueryViewModel.cs em 88.2935146 segundos. Pontuação final: 0
2025-04-02 20:56:20.892 -03:00 [INF] Análise de diferenças concluída para arquivo src/SupplyChain/Edata.Vision.Application.SupplyChain/ViewModels/CargoViewModels/CargoListQueryViewModel.cs em 88.2935146 segundos. Pontuação final: 0
2025-04-02 20:56:20.895 -03:00 [INF] Análise salva com sucesso para o arquivo src/SupplyChain/Edata.Vision.Application.SupplyChain/ViewModels/CargoViewModels/CargoListQueryViewModel.cs
2025-04-02 20:56:20.895 -03:00 [INF] Análise salva com sucesso para o arquivo src/SupplyChain/Edata.Vision.Application.SupplyChain/ViewModels/CargoViewModels/CargoListQueryViewModel.cs
2025-04-02 20:56:20.897 -03:00 [INF] Analisando arquivo: src/SupplyChain/Edata.Vision.Delivery.Api/Controllers/CargoController..cs
2025-04-02 20:56:20.897 -03:00 [INF] Analisando arquivo: src/SupplyChain/Edata.Vision.Delivery.Api/Controllers/CargoController..cs
2025-04-02 20:56:20.898 -03:00 [INF] Analisando diferenças para src/SupplyChain/Edata.Vision.Delivery.Api/Controllers/CargoController..cs (5456 caracteres)
2025-04-02 20:56:20.899 -03:00 [INF] Analisando diferenças para src/SupplyChain/Edata.Vision.Delivery.Api/Controllers/CargoController..cs (5456 caracteres)
2025-04-02 20:56:20.901 -03:00 [INF] Iniciando análise de diferenças para arquivo: src/SupplyChain/Edata.Vision.Delivery.Api/Controllers/CargoController..cs
2025-04-02 20:56:20.902 -03:00 [INF] Iniciando análise de diferenças para arquivo: src/SupplyChain/Edata.Vision.Delivery.Api/Controllers/CargoController..cs
2025-04-02 20:56:20.903 -03:00 [INF] Construindo prompt para análise de diferenças para arquivo src/SupplyChain/Edata.Vision.Delivery.Api/Controllers/CargoController..cs
2025-04-02 20:56:20.903 -03:00 [INF] Construindo prompt para análise de diferenças para arquivo src/SupplyChain/Edata.Vision.Delivery.Api/Controllers/CargoController..cs
2025-04-02 20:56:20.904 -03:00 [INF] Processando prompt completo para análise de diferenças
2025-04-02 20:56:20.905 -03:00 [INF] Processando prompt completo para análise de diferenças
2025-04-02 20:56:20.905 -03:00 [INF] Processando parte do prompt com 6944 caracteres usando modelo codellama:latest
2025-04-02 20:56:20.906 -03:00 [INF] Processando parte do prompt com 6944 caracteres usando modelo codellama:latest
2025-04-02 20:59:25.799 -03:00 [INF] Iniciando CommitQualityAnalyzer
2025-04-02 20:59:25.989 -03:00 [INF] Iniciando análise de commits das últimas 24 horas
2025-04-02 20:59:25.994 -03:00 [INF] Iniciando análise do repositório: D:\Edata\Vision\backend
2025-04-02 20:59:25.996 -03:00 [INF] Iniciando análise do repositório: D:\Edata\Vision\backend
2025-04-02 20:59:26.042 -03:00 [INF] Encontrados 3 commits nas últimas 24 horas
2025-04-02 20:59:26.044 -03:00 [INF] Encontrados 3 commits nas últimas 24 horas
2025-04-02 20:59:26.046 -03:00 [INF] Iniciando análise do commit: 83362ba9 de Israel Silva em "2025-04-02T15:02:57.0000000"
2025-04-02 20:59:26.048 -03:00 [INF] Iniciando análise do commit: 83362ba9 de Israel Silva em "2025-04-02T15:02:57.0000000"
2025-04-02 20:59:26.050 -03:00 [INF] Obtendo mudanças para o commit 83362ba9
2025-04-02 20:59:26.050 -03:00 [INF] Obtendo mudanças para o commit 83362ba9
2025-04-02 20:59:26.065 -03:00 [INF] Obtidas 1 alterações para o commit 83362ba9
2025-04-02 20:59:26.066 -03:00 [INF] Obtidas 1 alterações para o commit 83362ba9
2025-04-02 20:59:26.074 -03:00 [INF] Analisando arquivo: src/SupplyChain/Edata.Vision.Application.SupplyChain/ViewModels/CargoViewModels/CargoListQueryViewModel.cs
2025-04-02 20:59:26.074 -03:00 [INF] Analisando arquivo: src/SupplyChain/Edata.Vision.Application.SupplyChain/ViewModels/CargoViewModels/CargoListQueryViewModel.cs
2025-04-02 20:59:26.075 -03:00 [INF] Analisando diferenças para src/SupplyChain/Edata.Vision.Application.SupplyChain/ViewModels/CargoViewModels/CargoListQueryViewModel.cs (778 caracteres)
2025-04-02 20:59:26.076 -03:00 [INF] Analisando diferenças para src/SupplyChain/Edata.Vision.Application.SupplyChain/ViewModels/CargoViewModels/CargoListQueryViewModel.cs (778 caracteres)
2025-04-02 20:59:26.079 -03:00 [INF] Iniciando análise de diferenças para arquivo: src/SupplyChain/Edata.Vision.Application.SupplyChain/ViewModels/CargoViewModels/CargoListQueryViewModel.cs
2025-04-02 20:59:26.079 -03:00 [INF] Iniciando análise de diferenças para arquivo: src/SupplyChain/Edata.Vision.Application.SupplyChain/ViewModels/CargoViewModels/CargoListQueryViewModel.cs
2025-04-02 20:59:26.080 -03:00 [INF] Construindo prompt para análise de diferenças para arquivo src/SupplyChain/Edata.Vision.Application.SupplyChain/ViewModels/CargoViewModels/CargoListQueryViewModel.cs
2025-04-02 20:59:26.081 -03:00 [INF] Construindo prompt para análise de diferenças para arquivo src/SupplyChain/Edata.Vision.Application.SupplyChain/ViewModels/CargoViewModels/CargoListQueryViewModel.cs
2025-04-02 20:59:26.082 -03:00 [INF] Processando prompt completo para análise de diferenças
2025-04-02 20:59:26.083 -03:00 [INF] Processando prompt completo para análise de diferenças
2025-04-02 20:59:26.085 -03:00 [INF] Processando parte do prompt com 2299 caracteres usando modelo codellama:latest
2025-04-02 20:59:26.086 -03:00 [INF] Processando parte do prompt com 2299 caracteres usando modelo codellama:latest
2025-04-02 21:00:51.969 -03:00 [WRN] Não foi possível encontrar o início do JSON na resposta
2025-04-02 21:00:51.970 -03:00 [WRN] Não foi possível encontrar o início do JSON na resposta
2025-04-02 21:00:51.971 -03:00 [INF] Tentando converter resposta em texto para JSON
2025-04-02 21:00:51.972 -03:00 [INF] Tentando converter resposta em texto para JSON
2025-04-02 21:00:51.982 -03:00 [INF] Resposta em texto convertida para JSON com sucesso: 549 caracteres
2025-04-02 21:00:51.983 -03:00 [INF] Resposta em texto convertida para JSON com sucesso: 549 caracteres
2025-04-02 21:00:51.984 -03:00 [INF] Processamento concluído em 85.8959425 segundos
2025-04-02 21:00:51.985 -03:00 [INF] Processamento concluído em 85.8959425 segundos
2025-04-02 21:00:51.986 -03:00 [INF] Nenhuma proposta de refatoração encontrada para o arquivo src/SupplyChain/Edata.Vision.Application.SupplyChain/ViewModels/CargoViewModels/CargoListQueryViewModel.cs
2025-04-02 21:00:51.987 -03:00 [INF] Nenhuma proposta de refatoração encontrada para o arquivo src/SupplyChain/Edata.Vision.Application.SupplyChain/ViewModels/CargoViewModels/CargoListQueryViewModel.cs
2025-04-02 21:00:51.989 -03:00 [INF] Análise de diferenças concluída para arquivo src/SupplyChain/Edata.Vision.Application.SupplyChain/ViewModels/CargoViewModels/CargoListQueryViewModel.cs em 85.9091476 segundos. Pontuação final: 74
2025-04-02 21:00:51.990 -03:00 [INF] Análise de diferenças concluída para arquivo src/SupplyChain/Edata.Vision.Application.SupplyChain/ViewModels/CargoViewModels/CargoListQueryViewModel.cs em 85.9091476 segundos. Pontuação final: 74
2025-04-02 21:00:52.039 -03:00 [INF] Análise salva com sucesso para o arquivo src/SupplyChain/Edata.Vision.Application.SupplyChain/ViewModels/CargoViewModels/CargoListQueryViewModel.cs
2025-04-02 21:00:52.039 -03:00 [INF] Análise salva com sucesso para o arquivo src/SupplyChain/Edata.Vision.Application.SupplyChain/ViewModels/CargoViewModels/CargoListQueryViewModel.cs
2025-04-02 21:00:52.041 -03:00 [INF] Análise do commit 83362ba9 concluída em 85.9917281 segundos
2025-04-02 21:00:52.041 -03:00 [INF] Análise do commit 83362ba9 concluída em 85.9917281 segundos
2025-04-02 21:00:52.042 -03:00 [INF] Iniciando análise do commit: 1165f347 de Israel Silva em "2025-04-02T14:24:30.0000000"
2025-04-02 21:00:52.043 -03:00 [INF] Iniciando análise do commit: 1165f347 de Israel Silva em "2025-04-02T14:24:30.0000000"
2025-04-02 21:00:52.044 -03:00 [INF] Obtendo mudanças para o commit 1165f347
2025-04-02 21:00:52.045 -03:00 [INF] Obtendo mudanças para o commit 1165f347
2025-04-02 21:00:52.048 -03:00 [INF] Obtidas 10 alterações para o commit 1165f347
2025-04-02 21:00:52.049 -03:00 [INF] Obtidas 10 alterações para o commit 1165f347
2025-04-02 21:00:52.050 -03:00 [INF] Analisando arquivo: src/SupplyChain/Edata.Vision.Application.SupplyChain/Interfaces/ICargoService.cs
2025-04-02 21:00:52.051 -03:00 [INF] Analisando arquivo: src/SupplyChain/Edata.Vision.Application.SupplyChain/Interfaces/ICargoService.cs
2025-04-02 21:00:52.052 -03:00 [INF] Analisando diferenças para src/SupplyChain/Edata.Vision.Application.SupplyChain/Interfaces/ICargoService.cs (1153 caracteres)
2025-04-02 21:00:52.053 -03:00 [INF] Analisando diferenças para src/SupplyChain/Edata.Vision.Application.SupplyChain/Interfaces/ICargoService.cs (1153 caracteres)
2025-04-02 21:00:52.054 -03:00 [INF] Iniciando análise de diferenças para arquivo: src/SupplyChain/Edata.Vision.Application.SupplyChain/Interfaces/ICargoService.cs
2025-04-02 21:00:52.054 -03:00 [INF] Iniciando análise de diferenças para arquivo: src/SupplyChain/Edata.Vision.Application.SupplyChain/Interfaces/ICargoService.cs
2025-04-02 21:00:52.055 -03:00 [INF] Construindo prompt para análise de diferenças para arquivo src/SupplyChain/Edata.Vision.Application.SupplyChain/Interfaces/ICargoService.cs
2025-04-02 21:00:52.056 -03:00 [INF] Construindo prompt para análise de diferenças para arquivo src/SupplyChain/Edata.Vision.Application.SupplyChain/Interfaces/ICargoService.cs
2025-04-02 21:00:52.057 -03:00 [INF] Processando prompt completo para análise de diferenças
2025-04-02 21:00:52.060 -03:00 [INF] Processando prompt completo para análise de diferenças
2025-04-02 21:00:52.061 -03:00 [INF] Processando parte do prompt com 2648 caracteres usando modelo codellama:latest
2025-04-02 21:00:52.062 -03:00 [INF] Processando parte do prompt com 2648 caracteres usando modelo codellama:latest
2025-04-02 21:02:14.587 -03:00 [WRN] Não foi possível encontrar o início do JSON na resposta
2025-04-02 21:02:14.592 -03:00 [WRN] Não foi possível encontrar o início do JSON na resposta
2025-04-02 21:02:14.593 -03:00 [INF] Tentando converter resposta em texto para JSON
2025-04-02 21:02:14.593 -03:00 [INF] Tentando converter resposta em texto para JSON
2025-04-02 21:02:14.595 -03:00 [INF] Resposta em texto convertida para JSON com sucesso: 569 caracteres
2025-04-02 21:02:14.596 -03:00 [INF] Resposta em texto convertida para JSON com sucesso: 569 caracteres
2025-04-02 21:02:14.597 -03:00 [INF] Processamento concluído em 82.5343931 segundos
2025-04-02 21:02:14.599 -03:00 [INF] Processamento concluído em 82.5343931 segundos
2025-04-02 21:02:14.600 -03:00 [INF] Nenhuma proposta de refatoração encontrada para o arquivo src/SupplyChain/Edata.Vision.Application.SupplyChain/Interfaces/ICargoService.cs
2025-04-02 21:02:14.600 -03:00 [INF] Nenhuma proposta de refatoração encontrada para o arquivo src/SupplyChain/Edata.Vision.Application.SupplyChain/Interfaces/ICargoService.cs
2025-04-02 21:02:14.601 -03:00 [INF] Análise de diferenças concluída para arquivo src/SupplyChain/Edata.Vision.Application.SupplyChain/Interfaces/ICargoService.cs em 82.5462108 segundos. Pontuação final: 83
2025-04-02 21:02:14.602 -03:00 [INF] Análise de diferenças concluída para arquivo src/SupplyChain/Edata.Vision.Application.SupplyChain/Interfaces/ICargoService.cs em 82.5462108 segundos. Pontuação final: 83
2025-04-02 21:02:14.610 -03:00 [INF] Análise salva com sucesso para o arquivo src/SupplyChain/Edata.Vision.Application.SupplyChain/Interfaces/ICargoService.cs
2025-04-02 21:02:14.611 -03:00 [INF] Análise salva com sucesso para o arquivo src/SupplyChain/Edata.Vision.Application.SupplyChain/Interfaces/ICargoService.cs
2025-04-02 21:02:14.612 -03:00 [INF] Analisando arquivo: src/SupplyChain/Edata.Vision.Application.SupplyChain/Mappers/CargoListQueryMapper.cs
2025-04-02 21:02:14.613 -03:00 [INF] Analisando arquivo: src/SupplyChain/Edata.Vision.Application.SupplyChain/Mappers/CargoListQueryMapper.cs
2025-04-02 21:02:14.613 -03:00 [INF] Analisando diferenças para src/SupplyChain/Edata.Vision.Application.SupplyChain/Mappers/CargoListQueryMapper.cs (629 caracteres)
2025-04-02 21:02:14.614 -03:00 [INF] Analisando diferenças para src/SupplyChain/Edata.Vision.Application.SupplyChain/Mappers/CargoListQueryMapper.cs (629 caracteres)
2025-04-02 21:02:14.615 -03:00 [INF] Iniciando análise de diferenças para arquivo: src/SupplyChain/Edata.Vision.Application.SupplyChain/Mappers/CargoListQueryMapper.cs
2025-04-02 21:02:14.617 -03:00 [INF] Iniciando análise de diferenças para arquivo: src/SupplyChain/Edata.Vision.Application.SupplyChain/Mappers/CargoListQueryMapper.cs
2025-04-02 21:02:14.618 -03:00 [INF] Construindo prompt para análise de diferenças para arquivo src/SupplyChain/Edata.Vision.Application.SupplyChain/Mappers/CargoListQueryMapper.cs
2025-04-02 21:02:14.619 -03:00 [INF] Construindo prompt para análise de diferenças para arquivo src/SupplyChain/Edata.Vision.Application.SupplyChain/Mappers/CargoListQueryMapper.cs
2025-04-02 21:02:14.619 -03:00 [INF] Processando prompt completo para análise de diferenças
2025-04-02 21:02:14.620 -03:00 [INF] Processando prompt completo para análise de diferenças
2025-04-02 21:02:14.621 -03:00 [INF] Processando parte do prompt com 2128 caracteres usando modelo codellama:latest
2025-04-02 21:02:14.622 -03:00 [INF] Processando parte do prompt com 2128 caracteres usando modelo codellama:latest
2025-04-02 21:03:33.155 -03:00 [WRN] Não foi possível encontrar o início do JSON na resposta
2025-04-02 21:03:33.155 -03:00 [WRN] Não foi possível encontrar o início do JSON na resposta
2025-04-02 21:03:33.156 -03:00 [INF] Tentando converter resposta em texto para JSON
2025-04-02 21:03:33.156 -03:00 [INF] Tentando converter resposta em texto para JSON
2025-04-02 21:03:33.157 -03:00 [INF] Resposta em texto convertida para JSON com sucesso: 1022 caracteres
2025-04-02 21:03:33.158 -03:00 [INF] Resposta em texto convertida para JSON com sucesso: 1022 caracteres
2025-04-02 21:03:33.158 -03:00 [INF] Processamento concluído em 78.5360828 segundos
2025-04-02 21:03:33.159 -03:00 [INF] Processamento concluído em 78.5360828 segundos
2025-04-02 21:03:33.160 -03:00 [INF] Nenhuma proposta de refatoração encontrada para o arquivo src/SupplyChain/Edata.Vision.Application.SupplyChain/Mappers/CargoListQueryMapper.cs
2025-04-02 21:03:33.161 -03:00 [INF] Nenhuma proposta de refatoração encontrada para o arquivo src/SupplyChain/Edata.Vision.Application.SupplyChain/Mappers/CargoListQueryMapper.cs
2025-04-02 21:03:33.162 -03:00 [INF] Análise de diferenças concluída para arquivo src/SupplyChain/Edata.Vision.Application.SupplyChain/Mappers/CargoListQueryMapper.cs em 78.5438766 segundos. Pontuação final: 60
2025-04-02 21:03:33.163 -03:00 [INF] Análise de diferenças concluída para arquivo src/SupplyChain/Edata.Vision.Application.SupplyChain/Mappers/CargoListQueryMapper.cs em 78.5438766 segundos. Pontuação final: 60
2025-04-02 21:03:33.169 -03:00 [INF] Análise salva com sucesso para o arquivo src/SupplyChain/Edata.Vision.Application.SupplyChain/Mappers/CargoListQueryMapper.cs
2025-04-02 21:03:33.170 -03:00 [INF] Análise salva com sucesso para o arquivo src/SupplyChain/Edata.Vision.Application.SupplyChain/Mappers/CargoListQueryMapper.cs
2025-04-02 21:03:33.170 -03:00 [INF] Analisando arquivo: src/SupplyChain/Edata.Vision.Application.SupplyChain/Services/CargoService.cs
2025-04-02 21:03:33.171 -03:00 [INF] Analisando arquivo: src/SupplyChain/Edata.Vision.Application.SupplyChain/Services/CargoService.cs
2025-04-02 21:03:33.172 -03:00 [INF] Analisando diferenças para src/SupplyChain/Edata.Vision.Application.SupplyChain/Services/CargoService.cs (4467 caracteres)
2025-04-02 21:03:33.173 -03:00 [INF] Analisando diferenças para src/SupplyChain/Edata.Vision.Application.SupplyChain/Services/CargoService.cs (4467 caracteres)
2025-04-02 21:03:33.174 -03:00 [INF] Iniciando análise de diferenças para arquivo: src/SupplyChain/Edata.Vision.Application.SupplyChain/Services/CargoService.cs
2025-04-02 21:03:33.175 -03:00 [INF] Iniciando análise de diferenças para arquivo: src/SupplyChain/Edata.Vision.Application.SupplyChain/Services/CargoService.cs
2025-04-02 21:03:33.177 -03:00 [INF] Construindo prompt para análise de diferenças para arquivo src/SupplyChain/Edata.Vision.Application.SupplyChain/Services/CargoService.cs
2025-04-02 21:03:33.177 -03:00 [INF] Construindo prompt para análise de diferenças para arquivo src/SupplyChain/Edata.Vision.Application.SupplyChain/Services/CargoService.cs
2025-04-02 21:03:33.178 -03:00 [INF] Processando prompt completo para análise de diferenças
2025-04-02 21:03:33.179 -03:00 [INF] Processando prompt completo para análise de diferenças
2025-04-02 21:03:33.179 -03:00 [INF] Processando parte do prompt com 5959 caracteres usando modelo codellama:latest
2025-04-02 21:03:33.180 -03:00 [INF] Processando parte do prompt com 5959 caracteres usando modelo codellama:latest
2025-04-02 21:05:40.677 -03:00 [WRN] Não foi possível encontrar o início do JSON na resposta
2025-04-02 21:05:40.677 -03:00 [WRN] Não foi possível encontrar o início do JSON na resposta
2025-04-02 21:05:40.678 -03:00 [INF] Tentando converter resposta em texto para JSON
2025-04-02 21:05:40.678 -03:00 [INF] Tentando converter resposta em texto para JSON
2025-04-02 21:05:40.679 -03:00 [INF] Resposta em texto convertida para JSON com sucesso: 956 caracteres
2025-04-02 21:05:40.679 -03:00 [INF] Resposta em texto convertida para JSON com sucesso: 956 caracteres
2025-04-02 21:05:40.680 -03:00 [INF] Processamento concluído em 127.4987476 segundos
2025-04-02 21:05:40.680 -03:00 [INF] Processamento concluído em 127.4987476 segundos
2025-04-02 21:05:40.681 -03:00 [INF] Nenhuma proposta de refatoração encontrada para o arquivo src/SupplyChain/Edata.Vision.Application.SupplyChain/Services/CargoService.cs
2025-04-02 21:05:40.681 -03:00 [INF] Nenhuma proposta de refatoração encontrada para o arquivo src/SupplyChain/Edata.Vision.Application.SupplyChain/Services/CargoService.cs
2025-04-02 21:05:40.682 -03:00 [INF] Análise de diferenças concluída para arquivo src/SupplyChain/Edata.Vision.Application.SupplyChain/Services/CargoService.cs em 127.5054725 segundos. Pontuação final: 8
2025-04-02 21:05:40.683 -03:00 [INF] Análise de diferenças concluída para arquivo src/SupplyChain/Edata.Vision.Application.SupplyChain/Services/CargoService.cs em 127.5054725 segundos. Pontuação final: 8
2025-04-02 21:05:40.685 -03:00 [INF] Análise salva com sucesso para o arquivo src/SupplyChain/Edata.Vision.Application.SupplyChain/Services/CargoService.cs
2025-04-02 21:05:40.687 -03:00 [INF] Análise salva com sucesso para o arquivo src/SupplyChain/Edata.Vision.Application.SupplyChain/Services/CargoService.cs
2025-04-02 21:05:40.688 -03:00 [INF] Analisando arquivo: src/SupplyChain/Edata.Vision.Application.SupplyChain/ViewModels/CargoViewModels/CargoListQueryViewModel.cs
2025-04-02 21:05:40.689 -03:00 [INF] Analisando arquivo: src/SupplyChain/Edata.Vision.Application.SupplyChain/ViewModels/CargoViewModels/CargoListQueryViewModel.cs
2025-04-02 21:05:40.690 -03:00 [INF] Analisando diferenças para src/SupplyChain/Edata.Vision.Application.SupplyChain/ViewModels/CargoViewModels/CargoListQueryViewModel.cs (715 caracteres)
2025-04-02 21:05:40.690 -03:00 [INF] Analisando diferenças para src/SupplyChain/Edata.Vision.Application.SupplyChain/ViewModels/CargoViewModels/CargoListQueryViewModel.cs (715 caracteres)
2025-04-02 21:05:40.691 -03:00 [INF] Iniciando análise de diferenças para arquivo: src/SupplyChain/Edata.Vision.Application.SupplyChain/ViewModels/CargoViewModels/CargoListQueryViewModel.cs
2025-04-02 21:05:40.692 -03:00 [INF] Iniciando análise de diferenças para arquivo: src/SupplyChain/Edata.Vision.Application.SupplyChain/ViewModels/CargoViewModels/CargoListQueryViewModel.cs
2025-04-02 21:05:40.693 -03:00 [INF] Construindo prompt para análise de diferenças para arquivo src/SupplyChain/Edata.Vision.Application.SupplyChain/ViewModels/CargoViewModels/CargoListQueryViewModel.cs
2025-04-02 21:05:40.694 -03:00 [INF] Construindo prompt para análise de diferenças para arquivo src/SupplyChain/Edata.Vision.Application.SupplyChain/ViewModels/CargoViewModels/CargoListQueryViewModel.cs
2025-04-02 21:05:40.695 -03:00 [INF] Processando prompt completo para análise de diferenças
2025-04-02 21:05:40.697 -03:00 [INF] Processando prompt completo para análise de diferenças
2025-04-02 21:05:40.697 -03:00 [INF] Processando parte do prompt com 2236 caracteres usando modelo codellama:latest
2025-04-02 21:05:40.698 -03:00 [INF] Processando parte do prompt com 2236 caracteres usando modelo codellama:latest
2025-04-02 21:07:21.540 -03:00 [WRN] Não foi possível encontrar o início do JSON na resposta
2025-04-02 21:07:21.541 -03:00 [WRN] Não foi possível encontrar o início do JSON na resposta
2025-04-02 21:07:21.541 -03:00 [INF] Tentando converter resposta em texto para JSON
2025-04-02 21:07:21.542 -03:00 [INF] Tentando converter resposta em texto para JSON
2025-04-02 21:07:21.542 -03:00 [INF] Resposta em texto convertida para JSON com sucesso: 539 caracteres
2025-04-02 21:07:21.543 -03:00 [INF] Resposta em texto convertida para JSON com sucesso: 539 caracteres
2025-04-02 21:07:21.543 -03:00 [INF] Processamento concluído em 100.844305 segundos
2025-04-02 21:07:21.544 -03:00 [INF] Processamento concluído em 100.844305 segundos
2025-04-02 21:07:21.544 -03:00 [INF] Nenhuma proposta de refatoração encontrada para o arquivo src/SupplyChain/Edata.Vision.Application.SupplyChain/ViewModels/CargoViewModels/CargoListQueryViewModel.cs
2025-04-02 21:07:21.545 -03:00 [INF] Nenhuma proposta de refatoração encontrada para o arquivo src/SupplyChain/Edata.Vision.Application.SupplyChain/ViewModels/CargoViewModels/CargoListQueryViewModel.cs
2025-04-02 21:07:21.546 -03:00 [INF] Análise de diferenças concluída para arquivo src/SupplyChain/Edata.Vision.Application.SupplyChain/ViewModels/CargoViewModels/CargoListQueryViewModel.cs em 100.8525784 segundos. Pontuação final: 7
2025-04-02 21:07:21.546 -03:00 [INF] Análise de diferenças concluída para arquivo src/SupplyChain/Edata.Vision.Application.SupplyChain/ViewModels/CargoViewModels/CargoListQueryViewModel.cs em 100.8525784 segundos. Pontuação final: 7
2025-04-02 21:07:21.549 -03:00 [INF] Análise salva com sucesso para o arquivo src/SupplyChain/Edata.Vision.Application.SupplyChain/ViewModels/CargoViewModels/CargoListQueryViewModel.cs
2025-04-02 21:07:21.553 -03:00 [INF] Análise salva com sucesso para o arquivo src/SupplyChain/Edata.Vision.Application.SupplyChain/ViewModels/CargoViewModels/CargoListQueryViewModel.cs
2025-04-02 21:07:21.554 -03:00 [INF] Analisando arquivo: src/SupplyChain/Edata.Vision.Delivery.Api/Controllers/CargoController..cs
2025-04-02 21:07:21.555 -03:00 [INF] Analisando arquivo: src/SupplyChain/Edata.Vision.Delivery.Api/Controllers/CargoController..cs
2025-04-02 21:07:21.556 -03:00 [INF] Analisando diferenças para src/SupplyChain/Edata.Vision.Delivery.Api/Controllers/CargoController..cs (5456 caracteres)
2025-04-02 21:07:21.556 -03:00 [INF] Analisando diferenças para src/SupplyChain/Edata.Vision.Delivery.Api/Controllers/CargoController..cs (5456 caracteres)
2025-04-02 21:07:21.557 -03:00 [INF] Iniciando análise de diferenças para arquivo: src/SupplyChain/Edata.Vision.Delivery.Api/Controllers/CargoController..cs
2025-04-02 21:07:21.564 -03:00 [INF] Iniciando análise de diferenças para arquivo: src/SupplyChain/Edata.Vision.Delivery.Api/Controllers/CargoController..cs
2025-04-02 21:07:21.565 -03:00 [INF] Construindo prompt para análise de diferenças para arquivo src/SupplyChain/Edata.Vision.Delivery.Api/Controllers/CargoController..cs
2025-04-02 21:07:21.565 -03:00 [INF] Construindo prompt para análise de diferenças para arquivo src/SupplyChain/Edata.Vision.Delivery.Api/Controllers/CargoController..cs
2025-04-02 21:07:21.569 -03:00 [INF] Processando prompt completo para análise de diferenças
2025-04-02 21:07:21.570 -03:00 [INF] Processando prompt completo para análise de diferenças
2025-04-02 21:07:21.571 -03:00 [INF] Processando parte do prompt com 6944 caracteres usando modelo codellama:latest
2025-04-02 21:07:21.572 -03:00 [INF] Processando parte do prompt com 6944 caracteres usando modelo codellama:latest
