2025-04-06 16:58:05.751 -03:00 [INF] Iniciando CommitQualityAnalyzer
2025-04-06 16:58:06.380 -03:00 [INF] Iniciando análise de commits das últimas 24 horas
2025-04-06 16:58:06.468 -03:00 [INF] Iniciando análise do repositório: D:\Edata\Vision\backend
2025-04-06 16:58:06.470 -03:00 [INF] Iniciando análise do repositório: D:\Edata\Vision\backend
2025-04-06 16:58:06.898 -03:00 [INF] Encontrados 0 commits nas últimas 24 horas
2025-04-06 16:58:06.899 -03:00 [INF] Encontrados 0 commits nas últimas 24 horas
2025-04-06 16:58:06.900 -03:00 [INF] Análise de todos os commits concluída com sucesso
2025-04-06 16:58:06.901 -03:00 [INF] Análise de todos os commits concluída com sucesso
2025-04-06 16:58:06.904 -03:00 [INF] Análise de commits concluída com sucesso
2025-04-06 16:58:45.496 -03:00 [INF] Iniciando CommitQualityAnalyzer
2025-04-06 16:58:46.012 -03:00 [INF] Iniciando análise de commits das últimas 24 horas
2025-04-06 16:58:46.098 -03:00 [INF] Iniciando análise do repositório: D:\Edata\Vision\backend
2025-04-06 16:58:46.099 -03:00 [INF] Iniciando análise do repositório: D:\Edata\Vision\backend
2025-04-06 16:58:46.184 -03:00 [INF] Encontrados 2 commits nas últimas 24 horas
2025-04-06 16:58:46.186 -03:00 [INF] Encontrados 2 commits nas últimas 24 horas
2025-04-06 16:58:46.187 -03:00 [INF] Iniciando análise do commit: 8738cba3 de Lucas Ferreira em "2025-04-05T18:04:18.0000000"
2025-04-06 16:58:46.189 -03:00 [INF] Iniciando análise do commit: 8738cba3 de Lucas Ferreira em "2025-04-05T18:04:18.0000000"
2025-04-06 16:58:46.190 -03:00 [INF] Obtendo mudanças para o commit 8738cba3
2025-04-06 16:58:46.191 -03:00 [INF] Obtendo mudanças para o commit 8738cba3
2025-04-06 16:58:46.227 -03:00 [INF] Obtidas 45 alterações para o commit 8738cba3
2025-04-06 16:58:46.228 -03:00 [INF] Obtidas 45 alterações para o commit 8738cba3
2025-04-06 16:58:46.235 -03:00 [INF] Analisando arquivo: src/Core/Edata.Vision.Infrastructure.Core.Data.Legacy/Mappings/Oracle/V7/CityMap.cs
2025-04-06 16:58:46.236 -03:00 [INF] Analisando arquivo: src/Core/Edata.Vision.Infrastructure.Core.Data.Legacy/Mappings/Oracle/V7/CityMap.cs
2025-04-06 16:58:46.237 -03:00 [INF] Analisando diferenças para src/Core/Edata.Vision.Infrastructure.Core.Data.Legacy/Mappings/Oracle/V7/CityMap.cs (2239 caracteres)
2025-04-06 16:58:46.239 -03:00 [INF] Analisando diferenças para src/Core/Edata.Vision.Infrastructure.Core.Data.Legacy/Mappings/Oracle/V7/CityMap.cs (2239 caracteres)
2025-04-06 16:58:46.241 -03:00 [INF] Iniciando análise de diferenças para arquivo: src/Core/Edata.Vision.Infrastructure.Core.Data.Legacy/Mappings/Oracle/V7/CityMap.cs
2025-04-06 16:58:46.242 -03:00 [INF] Iniciando análise de diferenças para arquivo: src/Core/Edata.Vision.Infrastructure.Core.Data.Legacy/Mappings/Oracle/V7/CityMap.cs
2025-04-06 16:58:46.244 -03:00 [INF] Construindo prompt para análise de diferenças para arquivo src/Core/Edata.Vision.Infrastructure.Core.Data.Legacy/Mappings/Oracle/V7/CityMap.cs
2025-04-06 16:58:46.245 -03:00 [INF] Construindo prompt para análise de diferenças para arquivo src/Core/Edata.Vision.Infrastructure.Core.Data.Legacy/Mappings/Oracle/V7/CityMap.cs
2025-04-06 16:58:46.247 -03:00 [INF] Processando prompt completo para análise de diferenças
2025-04-06 16:58:46.247 -03:00 [INF] Processando prompt completo para análise de diferenças
2025-04-06 16:58:46.250 -03:00 [INF] Processando parte do prompt com 5085 caracteres usando modelo codellama:latest
2025-04-06 16:58:46.250 -03:00 [INF] Processando parte do prompt com 5085 caracteres usando modelo codellama:latest
2025-04-06 17:01:27.641 -03:00 [WRN] JSON extraído não é válido: '/' is invalid after a value. Expected either ',', '}', or ']'. LineNumber: 1 | BytePositionInLine: 4.
System.Text.Json.JsonReaderException: '/' is invalid after a value. Expected either ',', '}', or ']'. LineNumber: 1 | BytePositionInLine: 4.
   at System.Text.Json.ThrowHelper.ThrowJsonReaderException(Utf8JsonReader& json, ExceptionResource resource, Byte nextByte, ReadOnlySpan`1 bytes)
   at System.Text.Json.Utf8JsonReader.ConsumeNextToken(Byte marker)
   at System.Text.Json.Utf8JsonReader.ConsumeNextTokenOrRollback(Byte marker)
   at System.Text.Json.Utf8JsonReader.ReadSingleSegment()
   at System.Text.Json.Utf8JsonReader.Read()
   at System.Text.Json.JsonDocument.Parse(ReadOnlySpan`1 utf8JsonSpan, JsonReaderOptions readerOptions, MetadataDb& database, StackRowStack& stack)
   at System.Text.Json.JsonDocument.Parse(ReadOnlyMemory`1 utf8Json, JsonReaderOptions readerOptions, Byte[] extraRentedArrayPoolBytes, PooledByteBufferWriter extraPooledByteBufferWriter)
   at System.Text.Json.JsonDocument.Parse(ReadOnlyMemory`1 json, JsonDocumentOptions options)
   at System.Text.Json.JsonDocument.Parse(String json, JsonDocumentOptions options)
   at CommitQualityAnalyzer.Worker.Services.CommitAnalyzerService.ExtractJsonFromResponse(String response) in D:\Estudos\Projects\CommitQualityAnalyzer\src\CommitQualityAnalyzer.Worker\Services\CommitAnalyzerService.cs:line 747
2025-04-06 17:01:27.647 -03:00 [WRN] JSON extraído não é válido: '/' is invalid after a value. Expected either ',', '}', or ']'. LineNumber: 1 | BytePositionInLine: 4.
System.Text.Json.JsonReaderException: '/' is invalid after a value. Expected either ',', '}', or ']'. LineNumber: 1 | BytePositionInLine: 4.
   at System.Text.Json.ThrowHelper.ThrowJsonReaderException(Utf8JsonReader& json, ExceptionResource resource, Byte nextByte, ReadOnlySpan`1 bytes)
   at System.Text.Json.Utf8JsonReader.ConsumeNextToken(Byte marker)
   at System.Text.Json.Utf8JsonReader.ConsumeNextTokenOrRollback(Byte marker)
   at System.Text.Json.Utf8JsonReader.ReadSingleSegment()
   at System.Text.Json.Utf8JsonReader.Read()
   at System.Text.Json.JsonDocument.Parse(ReadOnlySpan`1 utf8JsonSpan, JsonReaderOptions readerOptions, MetadataDb& database, StackRowStack& stack)
   at System.Text.Json.JsonDocument.Parse(ReadOnlyMemory`1 utf8Json, JsonReaderOptions readerOptions, Byte[] extraRentedArrayPoolBytes, PooledByteBufferWriter extraPooledByteBufferWriter)
   at System.Text.Json.JsonDocument.Parse(ReadOnlyMemory`1 json, JsonDocumentOptions options)
   at System.Text.Json.JsonDocument.Parse(String json, JsonDocumentOptions options)
   at CommitQualityAnalyzer.Worker.Services.CommitAnalyzerService.ExtractJsonFromResponse(String response) in D:\Estudos\Projects\CommitQualityAnalyzer\src\CommitQualityAnalyzer.Worker\Services\CommitAnalyzerService.cs:line 747
2025-04-06 17:01:27.655 -03:00 [WRN] Não foi possível corrigir o JSON: '/' is invalid after a value. Expected either ',', '}', or ']'. LineNumber: 1 | BytePositionInLine: 4.
System.Text.Json.JsonReaderException: '/' is invalid after a value. Expected either ',', '}', or ']'. LineNumber: 1 | BytePositionInLine: 4.
   at System.Text.Json.ThrowHelper.ThrowJsonReaderException(Utf8JsonReader& json, ExceptionResource resource, Byte nextByte, ReadOnlySpan`1 bytes)
   at System.Text.Json.Utf8JsonReader.ConsumeNextToken(Byte marker)
   at System.Text.Json.Utf8JsonReader.ConsumeNextTokenOrRollback(Byte marker)
   at System.Text.Json.Utf8JsonReader.ReadSingleSegment()
   at System.Text.Json.Utf8JsonReader.Read()
   at System.Text.Json.JsonDocument.Parse(ReadOnlySpan`1 utf8JsonSpan, JsonReaderOptions readerOptions, MetadataDb& database, StackRowStack& stack)
   at System.Text.Json.JsonDocument.Parse(ReadOnlyMemory`1 utf8Json, JsonReaderOptions readerOptions, Byte[] extraRentedArrayPoolBytes, PooledByteBufferWriter extraPooledByteBufferWriter)
   at System.Text.Json.JsonDocument.Parse(ReadOnlyMemory`1 json, JsonDocumentOptions options)
   at System.Text.Json.JsonDocument.Parse(String json, JsonDocumentOptions options)
   at CommitQualityAnalyzer.Worker.Services.CommitAnalyzerService.ExtractJsonFromResponse(String response) in D:\Estudos\Projects\CommitQualityAnalyzer\src\CommitQualityAnalyzer.Worker\Services\CommitAnalyzerService.cs:line 784
2025-04-06 17:01:27.665 -03:00 [WRN] Não foi possível corrigir o JSON: '/' is invalid after a value. Expected either ',', '}', or ']'. LineNumber: 1 | BytePositionInLine: 4.
System.Text.Json.JsonReaderException: '/' is invalid after a value. Expected either ',', '}', or ']'. LineNumber: 1 | BytePositionInLine: 4.
   at System.Text.Json.ThrowHelper.ThrowJsonReaderException(Utf8JsonReader& json, ExceptionResource resource, Byte nextByte, ReadOnlySpan`1 bytes)
   at System.Text.Json.Utf8JsonReader.ConsumeNextToken(Byte marker)
   at System.Text.Json.Utf8JsonReader.ConsumeNextTokenOrRollback(Byte marker)
   at System.Text.Json.Utf8JsonReader.ReadSingleSegment()
   at System.Text.Json.Utf8JsonReader.Read()
   at System.Text.Json.JsonDocument.Parse(ReadOnlySpan`1 utf8JsonSpan, JsonReaderOptions readerOptions, MetadataDb& database, StackRowStack& stack)
   at System.Text.Json.JsonDocument.Parse(ReadOnlyMemory`1 utf8Json, JsonReaderOptions readerOptions, Byte[] extraRentedArrayPoolBytes, PooledByteBufferWriter extraPooledByteBufferWriter)
   at System.Text.Json.JsonDocument.Parse(ReadOnlyMemory`1 json, JsonDocumentOptions options)
   at System.Text.Json.JsonDocument.Parse(String json, JsonDocumentOptions options)
   at CommitQualityAnalyzer.Worker.Services.CommitAnalyzerService.ExtractJsonFromResponse(String response) in D:\Estudos\Projects\CommitQualityAnalyzer\src\CommitQualityAnalyzer.Worker\Services\CommitAnalyzerService.cs:line 784
2025-04-06 17:01:27.674 -03:00 [INF] Tentando converter resposta em texto para JSON
2025-04-06 17:01:27.675 -03:00 [INF] Tentando converter resposta em texto para JSON
2025-04-06 17:01:27.682 -03:00 [INF] Proposta de refatoração extraída com sucesso: Título: Refatoração para melhorar o processamento de diffs
2025-04-06 17:01:27.683 -03:00 [INF] Proposta de refatoração extraída com sucesso: Título: Refatoração para melhorar o processamento de diffs
2025-04-06 17:01:27.693 -03:00 [INF] Resposta em texto convertida para JSON com sucesso: 9243 caracteres
2025-04-06 17:01:27.694 -03:00 [INF] Resposta em texto convertida para JSON com sucesso: 9243 caracteres
2025-04-06 17:01:27.695 -03:00 [INF] Processamento concluído em 161.4437188 segundos
2025-04-06 17:01:27.696 -03:00 [INF] Processamento concluído em 161.4437188 segundos
2025-04-06 17:01:27.697 -03:00 [INF] Nenhuma proposta de refatoração encontrada para o arquivo src/Core/Edata.Vision.Infrastructure.Core.Data.Legacy/Mappings/Oracle/V7/CityMap.cs
2025-04-06 17:01:27.699 -03:00 [INF] Nenhuma proposta de refatoração encontrada para o arquivo src/Core/Edata.Vision.Infrastructure.Core.Data.Legacy/Mappings/Oracle/V7/CityMap.cs
2025-04-06 17:01:27.702 -03:00 [INF] Análise de diferenças concluída para arquivo src/Core/Edata.Vision.Infrastructure.Core.Data.Legacy/Mappings/Oracle/V7/CityMap.cs em 161.4584536 segundos. Pontuação final: 85
2025-04-06 17:01:27.703 -03:00 [INF] Análise de diferenças concluída para arquivo src/Core/Edata.Vision.Infrastructure.Core.Data.Legacy/Mappings/Oracle/V7/CityMap.cs em 161.4584536 segundos. Pontuação final: 85
2025-04-06 17:01:27.788 -03:00 [INF] Análise salva com sucesso para o arquivo src/Core/Edata.Vision.Infrastructure.Core.Data.Legacy/Mappings/Oracle/V7/CityMap.cs
2025-04-06 17:01:27.790 -03:00 [INF] Análise salva com sucesso para o arquivo src/Core/Edata.Vision.Infrastructure.Core.Data.Legacy/Mappings/Oracle/V7/CityMap.cs
2025-04-06 17:01:27.791 -03:00 [INF] Analisando arquivo: src/Core/Edata.Vision.Infrastructure.Core.Data.Legacy/Mappings/Oracle/V7/DistrictMap.cs
2025-04-06 17:01:27.792 -03:00 [INF] Analisando arquivo: src/Core/Edata.Vision.Infrastructure.Core.Data.Legacy/Mappings/Oracle/V7/DistrictMap.cs
2025-04-06 17:01:27.793 -03:00 [INF] Analisando diferenças para src/Core/Edata.Vision.Infrastructure.Core.Data.Legacy/Mappings/Oracle/V7/DistrictMap.cs (1973 caracteres)
2025-04-06 17:01:27.794 -03:00 [INF] Analisando diferenças para src/Core/Edata.Vision.Infrastructure.Core.Data.Legacy/Mappings/Oracle/V7/DistrictMap.cs (1973 caracteres)
2025-04-06 17:01:27.795 -03:00 [INF] Iniciando análise de diferenças para arquivo: src/Core/Edata.Vision.Infrastructure.Core.Data.Legacy/Mappings/Oracle/V7/DistrictMap.cs
2025-04-06 17:01:27.796 -03:00 [INF] Iniciando análise de diferenças para arquivo: src/Core/Edata.Vision.Infrastructure.Core.Data.Legacy/Mappings/Oracle/V7/DistrictMap.cs
2025-04-06 17:01:27.798 -03:00 [INF] Construindo prompt para análise de diferenças para arquivo src/Core/Edata.Vision.Infrastructure.Core.Data.Legacy/Mappings/Oracle/V7/DistrictMap.cs
2025-04-06 17:01:27.799 -03:00 [INF] Construindo prompt para análise de diferenças para arquivo src/Core/Edata.Vision.Infrastructure.Core.Data.Legacy/Mappings/Oracle/V7/DistrictMap.cs
2025-04-06 17:01:27.800 -03:00 [INF] Processando prompt completo para análise de diferenças
2025-04-06 17:01:27.801 -03:00 [INF] Processando prompt completo para análise de diferenças
2025-04-06 17:01:27.801 -03:00 [INF] Processando parte do prompt com 4823 caracteres usando modelo codellama:latest
2025-04-06 17:01:27.802 -03:00 [INF] Processando parte do prompt com 4823 caracteres usando modelo codellama:latest
2025-04-06 17:04:09.044 -03:00 [WRN] JSON extraído não é válido: '/' is invalid after a value. Expected either ',', '}', or ']'. LineNumber: 0 | BytePositionInLine: 2.
System.Text.Json.JsonReaderException: '/' is invalid after a value. Expected either ',', '}', or ']'. LineNumber: 0 | BytePositionInLine: 2.
   at System.Text.Json.ThrowHelper.ThrowJsonReaderException(Utf8JsonReader& json, ExceptionResource resource, Byte nextByte, ReadOnlySpan`1 bytes)
   at System.Text.Json.Utf8JsonReader.ConsumeNextToken(Byte marker)
   at System.Text.Json.Utf8JsonReader.ConsumeNextTokenOrRollback(Byte marker)
   at System.Text.Json.Utf8JsonReader.ReadSingleSegment()
   at System.Text.Json.Utf8JsonReader.Read()
   at System.Text.Json.JsonDocument.Parse(ReadOnlySpan`1 utf8JsonSpan, JsonReaderOptions readerOptions, MetadataDb& database, StackRowStack& stack)
   at System.Text.Json.JsonDocument.Parse(ReadOnlyMemory`1 utf8Json, JsonReaderOptions readerOptions, Byte[] extraRentedArrayPoolBytes, PooledByteBufferWriter extraPooledByteBufferWriter)
   at System.Text.Json.JsonDocument.Parse(ReadOnlyMemory`1 json, JsonDocumentOptions options)
   at System.Text.Json.JsonDocument.Parse(String json, JsonDocumentOptions options)
   at CommitQualityAnalyzer.Worker.Services.CommitAnalyzerService.ExtractJsonFromResponse(String response) in D:\Estudos\Projects\CommitQualityAnalyzer\src\CommitQualityAnalyzer.Worker\Services\CommitAnalyzerService.cs:line 747
2025-04-06 17:04:09.049 -03:00 [WRN] JSON extraído não é válido: '/' is invalid after a value. Expected either ',', '}', or ']'. LineNumber: 0 | BytePositionInLine: 2.
System.Text.Json.JsonReaderException: '/' is invalid after a value. Expected either ',', '}', or ']'. LineNumber: 0 | BytePositionInLine: 2.
   at System.Text.Json.ThrowHelper.ThrowJsonReaderException(Utf8JsonReader& json, ExceptionResource resource, Byte nextByte, ReadOnlySpan`1 bytes)
   at System.Text.Json.Utf8JsonReader.ConsumeNextToken(Byte marker)
   at System.Text.Json.Utf8JsonReader.ConsumeNextTokenOrRollback(Byte marker)
   at System.Text.Json.Utf8JsonReader.ReadSingleSegment()
   at System.Text.Json.Utf8JsonReader.Read()
   at System.Text.Json.JsonDocument.Parse(ReadOnlySpan`1 utf8JsonSpan, JsonReaderOptions readerOptions, MetadataDb& database, StackRowStack& stack)
   at System.Text.Json.JsonDocument.Parse(ReadOnlyMemory`1 utf8Json, JsonReaderOptions readerOptions, Byte[] extraRentedArrayPoolBytes, PooledByteBufferWriter extraPooledByteBufferWriter)
   at System.Text.Json.JsonDocument.Parse(ReadOnlyMemory`1 json, JsonDocumentOptions options)
   at System.Text.Json.JsonDocument.Parse(String json, JsonDocumentOptions options)
   at CommitQualityAnalyzer.Worker.Services.CommitAnalyzerService.ExtractJsonFromResponse(String response) in D:\Estudos\Projects\CommitQualityAnalyzer\src\CommitQualityAnalyzer.Worker\Services\CommitAnalyzerService.cs:line 747
2025-04-06 17:04:09.057 -03:00 [WRN] Não foi possível corrigir o JSON: '/' is invalid after a value. Expected either ',', '}', or ']'. LineNumber: 0 | BytePositionInLine: 2.
System.Text.Json.JsonReaderException: '/' is invalid after a value. Expected either ',', '}', or ']'. LineNumber: 0 | BytePositionInLine: 2.
   at System.Text.Json.ThrowHelper.ThrowJsonReaderException(Utf8JsonReader& json, ExceptionResource resource, Byte nextByte, ReadOnlySpan`1 bytes)
   at System.Text.Json.Utf8JsonReader.ConsumeNextToken(Byte marker)
   at System.Text.Json.Utf8JsonReader.ConsumeNextTokenOrRollback(Byte marker)
   at System.Text.Json.Utf8JsonReader.ReadSingleSegment()
   at System.Text.Json.Utf8JsonReader.Read()
   at System.Text.Json.JsonDocument.Parse(ReadOnlySpan`1 utf8JsonSpan, JsonReaderOptions readerOptions, MetadataDb& database, StackRowStack& stack)
   at System.Text.Json.JsonDocument.Parse(ReadOnlyMemory`1 utf8Json, JsonReaderOptions readerOptions, Byte[] extraRentedArrayPoolBytes, PooledByteBufferWriter extraPooledByteBufferWriter)
   at System.Text.Json.JsonDocument.Parse(ReadOnlyMemory`1 json, JsonDocumentOptions options)
   at System.Text.Json.JsonDocument.Parse(String json, JsonDocumentOptions options)
   at CommitQualityAnalyzer.Worker.Services.CommitAnalyzerService.ExtractJsonFromResponse(String response) in D:\Estudos\Projects\CommitQualityAnalyzer\src\CommitQualityAnalyzer.Worker\Services\CommitAnalyzerService.cs:line 784
2025-04-06 17:04:09.065 -03:00 [WRN] Não foi possível corrigir o JSON: '/' is invalid after a value. Expected either ',', '}', or ']'. LineNumber: 0 | BytePositionInLine: 2.
System.Text.Json.JsonReaderException: '/' is invalid after a value. Expected either ',', '}', or ']'. LineNumber: 0 | BytePositionInLine: 2.
   at System.Text.Json.ThrowHelper.ThrowJsonReaderException(Utf8JsonReader& json, ExceptionResource resource, Byte nextByte, ReadOnlySpan`1 bytes)
   at System.Text.Json.Utf8JsonReader.ConsumeNextToken(Byte marker)
   at System.Text.Json.Utf8JsonReader.ConsumeNextTokenOrRollback(Byte marker)
   at System.Text.Json.Utf8JsonReader.ReadSingleSegment()
   at System.Text.Json.Utf8JsonReader.Read()
   at System.Text.Json.JsonDocument.Parse(ReadOnlySpan`1 utf8JsonSpan, JsonReaderOptions readerOptions, MetadataDb& database, StackRowStack& stack)
   at System.Text.Json.JsonDocument.Parse(ReadOnlyMemory`1 utf8Json, JsonReaderOptions readerOptions, Byte[] extraRentedArrayPoolBytes, PooledByteBufferWriter extraPooledByteBufferWriter)
   at System.Text.Json.JsonDocument.Parse(ReadOnlyMemory`1 json, JsonDocumentOptions options)
   at System.Text.Json.JsonDocument.Parse(String json, JsonDocumentOptions options)
   at CommitQualityAnalyzer.Worker.Services.CommitAnalyzerService.ExtractJsonFromResponse(String response) in D:\Estudos\Projects\CommitQualityAnalyzer\src\CommitQualityAnalyzer.Worker\Services\CommitAnalyzerService.cs:line 784
2025-04-06 17:04:09.072 -03:00 [INF] Tentando converter resposta em texto para JSON
2025-04-06 17:04:09.073 -03:00 [INF] Tentando converter resposta em texto para JSON
2025-04-06 17:04:09.075 -03:00 [INF] Substituindo nota calculada 80 pela nota mencionada no comentário: 80
2025-04-06 17:04:09.075 -03:00 [INF] Substituindo nota calculada 80 pela nota mencionada no comentário: 80
2025-04-06 17:04:09.076 -03:00 [INF] Não foi possível extrair uma proposta de refatoração válida do texto da resposta.
2025-04-06 17:04:09.077 -03:00 [INF] Não foi possível extrair uma proposta de refatoração válida do texto da resposta.
2025-04-06 17:04:09.079 -03:00 [INF] Resposta em texto convertida para JSON com sucesso: 1471 caracteres
2025-04-06 17:04:09.080 -03:00 [INF] Resposta em texto convertida para JSON com sucesso: 1471 caracteres
2025-04-06 17:04:09.081 -03:00 [INF] Processamento concluído em 161.277435 segundos
2025-04-06 17:04:09.081 -03:00 [INF] Processamento concluído em 161.277435 segundos
2025-04-06 17:04:09.082 -03:00 [INF] Nenhuma proposta de refatoração encontrada para o arquivo src/Core/Edata.Vision.Infrastructure.Core.Data.Legacy/Mappings/Oracle/V7/DistrictMap.cs
2025-04-06 17:04:09.084 -03:00 [INF] Nenhuma proposta de refatoração encontrada para o arquivo src/Core/Edata.Vision.Infrastructure.Core.Data.Legacy/Mappings/Oracle/V7/DistrictMap.cs
2025-04-06 17:04:09.085 -03:00 [INF] Análise de diferenças concluída para arquivo src/Core/Edata.Vision.Infrastructure.Core.Data.Legacy/Mappings/Oracle/V7/DistrictMap.cs em 161.2871835 segundos. Pontuação final: 80
2025-04-06 17:04:09.087 -03:00 [INF] Análise de diferenças concluída para arquivo src/Core/Edata.Vision.Infrastructure.Core.Data.Legacy/Mappings/Oracle/V7/DistrictMap.cs em 161.2871835 segundos. Pontuação final: 80
2025-04-06 17:04:09.090 -03:00 [INF] Análise salva com sucesso para o arquivo src/Core/Edata.Vision.Infrastructure.Core.Data.Legacy/Mappings/Oracle/V7/DistrictMap.cs
2025-04-06 17:04:09.090 -03:00 [INF] Análise salva com sucesso para o arquivo src/Core/Edata.Vision.Infrastructure.Core.Data.Legacy/Mappings/Oracle/V7/DistrictMap.cs
2025-04-06 17:04:09.092 -03:00 [INF] Analisando arquivo: src/Core/Edata.Vision.Infrastructure.Core.Data.Legacy/Mappings/Oracle/V7/StateMap.cs
2025-04-06 17:04:09.094 -03:00 [INF] Analisando arquivo: src/Core/Edata.Vision.Infrastructure.Core.Data.Legacy/Mappings/Oracle/V7/StateMap.cs
2025-04-06 17:04:09.094 -03:00 [INF] Analisando diferenças para src/Core/Edata.Vision.Infrastructure.Core.Data.Legacy/Mappings/Oracle/V7/StateMap.cs (2554 caracteres)
2025-04-06 17:04:09.096 -03:00 [INF] Analisando diferenças para src/Core/Edata.Vision.Infrastructure.Core.Data.Legacy/Mappings/Oracle/V7/StateMap.cs (2554 caracteres)
2025-04-06 17:04:09.097 -03:00 [INF] Iniciando análise de diferenças para arquivo: src/Core/Edata.Vision.Infrastructure.Core.Data.Legacy/Mappings/Oracle/V7/StateMap.cs
2025-04-06 17:04:09.098 -03:00 [INF] Iniciando análise de diferenças para arquivo: src/Core/Edata.Vision.Infrastructure.Core.Data.Legacy/Mappings/Oracle/V7/StateMap.cs
2025-04-06 17:04:09.099 -03:00 [INF] Construindo prompt para análise de diferenças para arquivo src/Core/Edata.Vision.Infrastructure.Core.Data.Legacy/Mappings/Oracle/V7/StateMap.cs
2025-04-06 17:04:09.100 -03:00 [INF] Construindo prompt para análise de diferenças para arquivo src/Core/Edata.Vision.Infrastructure.Core.Data.Legacy/Mappings/Oracle/V7/StateMap.cs
2025-04-06 17:04:09.102 -03:00 [INF] Processando prompt completo para análise de diferenças
2025-04-06 17:04:09.103 -03:00 [INF] Processando prompt completo para análise de diferenças
2025-04-06 17:04:09.103 -03:00 [INF] Processando parte do prompt com 5401 caracteres usando modelo codellama:latest
2025-04-06 17:04:09.104 -03:00 [INF] Processando parte do prompt com 5401 caracteres usando modelo codellama:latest
2025-04-06 17:07:04.361 -03:00 [WRN] JSON extraído não é válido: '/' is invalid after a value. Expected either ',', '}', or ']'. LineNumber: 1 | BytePositionInLine: 4.
System.Text.Json.JsonReaderException: '/' is invalid after a value. Expected either ',', '}', or ']'. LineNumber: 1 | BytePositionInLine: 4.
   at System.Text.Json.ThrowHelper.ThrowJsonReaderException(Utf8JsonReader& json, ExceptionResource resource, Byte nextByte, ReadOnlySpan`1 bytes)
   at System.Text.Json.Utf8JsonReader.ConsumeNextToken(Byte marker)
   at System.Text.Json.Utf8JsonReader.ConsumeNextTokenOrRollback(Byte marker)
   at System.Text.Json.Utf8JsonReader.ReadSingleSegment()
   at System.Text.Json.Utf8JsonReader.Read()
   at System.Text.Json.JsonDocument.Parse(ReadOnlySpan`1 utf8JsonSpan, JsonReaderOptions readerOptions, MetadataDb& database, StackRowStack& stack)
   at System.Text.Json.JsonDocument.Parse(ReadOnlyMemory`1 utf8Json, JsonReaderOptions readerOptions, Byte[] extraRentedArrayPoolBytes, PooledByteBufferWriter extraPooledByteBufferWriter)
   at System.Text.Json.JsonDocument.Parse(ReadOnlyMemory`1 json, JsonDocumentOptions options)
   at System.Text.Json.JsonDocument.Parse(String json, JsonDocumentOptions options)
   at CommitQualityAnalyzer.Worker.Services.CommitAnalyzerService.ExtractJsonFromResponse(String response) in D:\Estudos\Projects\CommitQualityAnalyzer\src\CommitQualityAnalyzer.Worker\Services\CommitAnalyzerService.cs:line 747
2025-04-06 17:07:04.368 -03:00 [WRN] JSON extraído não é válido: '/' is invalid after a value. Expected either ',', '}', or ']'. LineNumber: 1 | BytePositionInLine: 4.
System.Text.Json.JsonReaderException: '/' is invalid after a value. Expected either ',', '}', or ']'. LineNumber: 1 | BytePositionInLine: 4.
   at System.Text.Json.ThrowHelper.ThrowJsonReaderException(Utf8JsonReader& json, ExceptionResource resource, Byte nextByte, ReadOnlySpan`1 bytes)
   at System.Text.Json.Utf8JsonReader.ConsumeNextToken(Byte marker)
   at System.Text.Json.Utf8JsonReader.ConsumeNextTokenOrRollback(Byte marker)
   at System.Text.Json.Utf8JsonReader.ReadSingleSegment()
   at System.Text.Json.Utf8JsonReader.Read()
   at System.Text.Json.JsonDocument.Parse(ReadOnlySpan`1 utf8JsonSpan, JsonReaderOptions readerOptions, MetadataDb& database, StackRowStack& stack)
   at System.Text.Json.JsonDocument.Parse(ReadOnlyMemory`1 utf8Json, JsonReaderOptions readerOptions, Byte[] extraRentedArrayPoolBytes, PooledByteBufferWriter extraPooledByteBufferWriter)
   at System.Text.Json.JsonDocument.Parse(ReadOnlyMemory`1 json, JsonDocumentOptions options)
   at System.Text.Json.JsonDocument.Parse(String json, JsonDocumentOptions options)
   at CommitQualityAnalyzer.Worker.Services.CommitAnalyzerService.ExtractJsonFromResponse(String response) in D:\Estudos\Projects\CommitQualityAnalyzer\src\CommitQualityAnalyzer.Worker\Services\CommitAnalyzerService.cs:line 747
2025-04-06 17:07:04.376 -03:00 [WRN] Não foi possível corrigir o JSON: '/' is invalid after a value. Expected either ',', '}', or ']'. LineNumber: 1 | BytePositionInLine: 4.
System.Text.Json.JsonReaderException: '/' is invalid after a value. Expected either ',', '}', or ']'. LineNumber: 1 | BytePositionInLine: 4.
   at System.Text.Json.ThrowHelper.ThrowJsonReaderException(Utf8JsonReader& json, ExceptionResource resource, Byte nextByte, ReadOnlySpan`1 bytes)
   at System.Text.Json.Utf8JsonReader.ConsumeNextToken(Byte marker)
   at System.Text.Json.Utf8JsonReader.ConsumeNextTokenOrRollback(Byte marker)
   at System.Text.Json.Utf8JsonReader.ReadSingleSegment()
   at System.Text.Json.Utf8JsonReader.Read()
   at System.Text.Json.JsonDocument.Parse(ReadOnlySpan`1 utf8JsonSpan, JsonReaderOptions readerOptions, MetadataDb& database, StackRowStack& stack)
   at System.Text.Json.JsonDocument.Parse(ReadOnlyMemory`1 utf8Json, JsonReaderOptions readerOptions, Byte[] extraRentedArrayPoolBytes, PooledByteBufferWriter extraPooledByteBufferWriter)
   at System.Text.Json.JsonDocument.Parse(ReadOnlyMemory`1 json, JsonDocumentOptions options)
   at System.Text.Json.JsonDocument.Parse(String json, JsonDocumentOptions options)
   at CommitQualityAnalyzer.Worker.Services.CommitAnalyzerService.ExtractJsonFromResponse(String response) in D:\Estudos\Projects\CommitQualityAnalyzer\src\CommitQualityAnalyzer.Worker\Services\CommitAnalyzerService.cs:line 784
2025-04-06 17:07:04.383 -03:00 [WRN] Não foi possível corrigir o JSON: '/' is invalid after a value. Expected either ',', '}', or ']'. LineNumber: 1 | BytePositionInLine: 4.
System.Text.Json.JsonReaderException: '/' is invalid after a value. Expected either ',', '}', or ']'. LineNumber: 1 | BytePositionInLine: 4.
   at System.Text.Json.ThrowHelper.ThrowJsonReaderException(Utf8JsonReader& json, ExceptionResource resource, Byte nextByte, ReadOnlySpan`1 bytes)
   at System.Text.Json.Utf8JsonReader.ConsumeNextToken(Byte marker)
   at System.Text.Json.Utf8JsonReader.ConsumeNextTokenOrRollback(Byte marker)
   at System.Text.Json.Utf8JsonReader.ReadSingleSegment()
   at System.Text.Json.Utf8JsonReader.Read()
   at System.Text.Json.JsonDocument.Parse(ReadOnlySpan`1 utf8JsonSpan, JsonReaderOptions readerOptions, MetadataDb& database, StackRowStack& stack)
   at System.Text.Json.JsonDocument.Parse(ReadOnlyMemory`1 utf8Json, JsonReaderOptions readerOptions, Byte[] extraRentedArrayPoolBytes, PooledByteBufferWriter extraPooledByteBufferWriter)
   at System.Text.Json.JsonDocument.Parse(ReadOnlyMemory`1 json, JsonDocumentOptions options)
   at System.Text.Json.JsonDocument.Parse(String json, JsonDocumentOptions options)
   at CommitQualityAnalyzer.Worker.Services.CommitAnalyzerService.ExtractJsonFromResponse(String response) in D:\Estudos\Projects\CommitQualityAnalyzer\src\CommitQualityAnalyzer.Worker\Services\CommitAnalyzerService.cs:line 784
2025-04-06 17:07:04.389 -03:00 [INF] Tentando converter resposta em texto para JSON
2025-04-06 17:07:04.390 -03:00 [INF] Tentando converter resposta em texto para JSON
2025-04-06 17:07:04.391 -03:00 [INF] Proposta de refatoração extraída com sucesso: Título: Refatoração para melhorar o processamento de diffs
2025-04-06 17:07:04.392 -03:00 [INF] Proposta de refatoração extraída com sucesso: Título: Refatoração para melhorar o processamento de diffs
2025-04-06 17:07:04.394 -03:00 [INF] Resposta em texto convertida para JSON com sucesso: 9879 caracteres
2025-04-06 17:07:04.395 -03:00 [INF] Resposta em texto convertida para JSON com sucesso: 9879 caracteres
2025-04-06 17:07:04.396 -03:00 [INF] Processamento concluído em 175.2904778 segundos
2025-04-06 17:07:04.396 -03:00 [INF] Processamento concluído em 175.2904778 segundos
2025-04-06 17:07:04.397 -03:00 [INF] Nenhuma proposta de refatoração encontrada para o arquivo src/Core/Edata.Vision.Infrastructure.Core.Data.Legacy/Mappings/Oracle/V7/StateMap.cs
2025-04-06 17:07:04.398 -03:00 [INF] Nenhuma proposta de refatoração encontrada para o arquivo src/Core/Edata.Vision.Infrastructure.Core.Data.Legacy/Mappings/Oracle/V7/StateMap.cs
2025-04-06 17:07:04.400 -03:00 [INF] Análise de diferenças concluída para arquivo src/Core/Edata.Vision.Infrastructure.Core.Data.Legacy/Mappings/Oracle/V7/StateMap.cs em 175.3013178 segundos. Pontuação final: 78.33333333333333
2025-04-06 17:07:04.401 -03:00 [INF] Análise de diferenças concluída para arquivo src/Core/Edata.Vision.Infrastructure.Core.Data.Legacy/Mappings/Oracle/V7/StateMap.cs em 175.3013178 segundos. Pontuação final: 78.33333333333333
2025-04-06 17:07:04.404 -03:00 [INF] Análise salva com sucesso para o arquivo src/Core/Edata.Vision.Infrastructure.Core.Data.Legacy/Mappings/Oracle/V7/StateMap.cs
2025-04-06 17:07:04.405 -03:00 [INF] Análise salva com sucesso para o arquivo src/Core/Edata.Vision.Infrastructure.Core.Data.Legacy/Mappings/Oracle/V7/StateMap.cs
2025-04-06 17:07:04.406 -03:00 [INF] Analisando arquivo: src/Shared/Edata.Vision.Infrastructure.Data.GenericRepository/Converters.cs
2025-04-06 17:07:04.407 -03:00 [INF] Analisando arquivo: src/Shared/Edata.Vision.Infrastructure.Data.GenericRepository/Converters.cs
2025-04-06 17:07:04.408 -03:00 [INF] Analisando diferenças para src/Shared/Edata.Vision.Infrastructure.Data.GenericRepository/Converters.cs (15885 caracteres)
2025-04-06 17:07:04.410 -03:00 [INF] Analisando diferenças para src/Shared/Edata.Vision.Infrastructure.Data.GenericRepository/Converters.cs (15885 caracteres)
2025-04-06 17:07:04.411 -03:00 [INF] Iniciando análise de diferenças para arquivo: src/Shared/Edata.Vision.Infrastructure.Data.GenericRepository/Converters.cs
2025-04-06 17:07:04.412 -03:00 [INF] Iniciando análise de diferenças para arquivo: src/Shared/Edata.Vision.Infrastructure.Data.GenericRepository/Converters.cs
2025-04-06 17:07:04.414 -03:00 [INF] Construindo prompt para análise de diferenças para arquivo src/Shared/Edata.Vision.Infrastructure.Data.GenericRepository/Converters.cs
2025-04-06 17:07:04.415 -03:00 [INF] Construindo prompt para análise de diferenças para arquivo src/Shared/Edata.Vision.Infrastructure.Data.GenericRepository/Converters.cs
2025-04-06 17:07:04.416 -03:00 [WRN] Prompt excede o tamanho máximo (18723 > 8000). Truncando diff...
2025-04-06 17:07:04.417 -03:00 [WRN] Prompt excede o tamanho máximo (18723 > 8000). Truncando diff...
2025-04-06 17:07:04.419 -03:00 [INF] Processando prompt completo para análise de diferenças
2025-04-06 17:07:04.420 -03:00 [INF] Processando prompt completo para análise de diferenças
2025-04-06 17:07:04.421 -03:00 [INF] Processando parte do prompt com 7954 caracteres usando modelo codellama:latest
2025-04-06 17:07:04.421 -03:00 [INF] Processando parte do prompt com 7954 caracteres usando modelo codellama:latest
2025-04-06 17:10:26.834 -03:00 [WRN] JSON extraído não é válido: '/' is invalid after a value. Expected either ',', '}', or ']'. LineNumber: 1 | BytePositionInLine: 4.
System.Text.Json.JsonReaderException: '/' is invalid after a value. Expected either ',', '}', or ']'. LineNumber: 1 | BytePositionInLine: 4.
   at System.Text.Json.ThrowHelper.ThrowJsonReaderException(Utf8JsonReader& json, ExceptionResource resource, Byte nextByte, ReadOnlySpan`1 bytes)
   at System.Text.Json.Utf8JsonReader.ConsumeNextToken(Byte marker)
   at System.Text.Json.Utf8JsonReader.ConsumeNextTokenOrRollback(Byte marker)
   at System.Text.Json.Utf8JsonReader.ReadSingleSegment()
   at System.Text.Json.Utf8JsonReader.Read()
   at System.Text.Json.JsonDocument.Parse(ReadOnlySpan`1 utf8JsonSpan, JsonReaderOptions readerOptions, MetadataDb& database, StackRowStack& stack)
   at System.Text.Json.JsonDocument.Parse(ReadOnlyMemory`1 utf8Json, JsonReaderOptions readerOptions, Byte[] extraRentedArrayPoolBytes, PooledByteBufferWriter extraPooledByteBufferWriter)
   at System.Text.Json.JsonDocument.Parse(ReadOnlyMemory`1 json, JsonDocumentOptions options)
   at System.Text.Json.JsonDocument.Parse(String json, JsonDocumentOptions options)
   at CommitQualityAnalyzer.Worker.Services.CommitAnalyzerService.ExtractJsonFromResponse(String response) in D:\Estudos\Projects\CommitQualityAnalyzer\src\CommitQualityAnalyzer.Worker\Services\CommitAnalyzerService.cs:line 747
2025-04-06 17:10:26.841 -03:00 [WRN] JSON extraído não é válido: '/' is invalid after a value. Expected either ',', '}', or ']'. LineNumber: 1 | BytePositionInLine: 4.
System.Text.Json.JsonReaderException: '/' is invalid after a value. Expected either ',', '}', or ']'. LineNumber: 1 | BytePositionInLine: 4.
   at System.Text.Json.ThrowHelper.ThrowJsonReaderException(Utf8JsonReader& json, ExceptionResource resource, Byte nextByte, ReadOnlySpan`1 bytes)
   at System.Text.Json.Utf8JsonReader.ConsumeNextToken(Byte marker)
   at System.Text.Json.Utf8JsonReader.ConsumeNextTokenOrRollback(Byte marker)
   at System.Text.Json.Utf8JsonReader.ReadSingleSegment()
   at System.Text.Json.Utf8JsonReader.Read()
   at System.Text.Json.JsonDocument.Parse(ReadOnlySpan`1 utf8JsonSpan, JsonReaderOptions readerOptions, MetadataDb& database, StackRowStack& stack)
   at System.Text.Json.JsonDocument.Parse(ReadOnlyMemory`1 utf8Json, JsonReaderOptions readerOptions, Byte[] extraRentedArrayPoolBytes, PooledByteBufferWriter extraPooledByteBufferWriter)
   at System.Text.Json.JsonDocument.Parse(ReadOnlyMemory`1 json, JsonDocumentOptions options)
   at System.Text.Json.JsonDocument.Parse(String json, JsonDocumentOptions options)
   at CommitQualityAnalyzer.Worker.Services.CommitAnalyzerService.ExtractJsonFromResponse(String response) in D:\Estudos\Projects\CommitQualityAnalyzer\src\CommitQualityAnalyzer.Worker\Services\CommitAnalyzerService.cs:line 747
2025-04-06 17:10:26.849 -03:00 [WRN] Não foi possível corrigir o JSON: '/' is invalid after a value. Expected either ',', '}', or ']'. LineNumber: 1 | BytePositionInLine: 4.
System.Text.Json.JsonReaderException: '/' is invalid after a value. Expected either ',', '}', or ']'. LineNumber: 1 | BytePositionInLine: 4.
   at System.Text.Json.ThrowHelper.ThrowJsonReaderException(Utf8JsonReader& json, ExceptionResource resource, Byte nextByte, ReadOnlySpan`1 bytes)
   at System.Text.Json.Utf8JsonReader.ConsumeNextToken(Byte marker)
   at System.Text.Json.Utf8JsonReader.ConsumeNextTokenOrRollback(Byte marker)
   at System.Text.Json.Utf8JsonReader.ReadSingleSegment()
   at System.Text.Json.Utf8JsonReader.Read()
   at System.Text.Json.JsonDocument.Parse(ReadOnlySpan`1 utf8JsonSpan, JsonReaderOptions readerOptions, MetadataDb& database, StackRowStack& stack)
   at System.Text.Json.JsonDocument.Parse(ReadOnlyMemory`1 utf8Json, JsonReaderOptions readerOptions, Byte[] extraRentedArrayPoolBytes, PooledByteBufferWriter extraPooledByteBufferWriter)
   at System.Text.Json.JsonDocument.Parse(ReadOnlyMemory`1 json, JsonDocumentOptions options)
   at System.Text.Json.JsonDocument.Parse(String json, JsonDocumentOptions options)
   at CommitQualityAnalyzer.Worker.Services.CommitAnalyzerService.ExtractJsonFromResponse(String response) in D:\Estudos\Projects\CommitQualityAnalyzer\src\CommitQualityAnalyzer.Worker\Services\CommitAnalyzerService.cs:line 784
2025-04-06 17:10:26.864 -03:00 [WRN] Não foi possível corrigir o JSON: '/' is invalid after a value. Expected either ',', '}', or ']'. LineNumber: 1 | BytePositionInLine: 4.
System.Text.Json.JsonReaderException: '/' is invalid after a value. Expected either ',', '}', or ']'. LineNumber: 1 | BytePositionInLine: 4.
   at System.Text.Json.ThrowHelper.ThrowJsonReaderException(Utf8JsonReader& json, ExceptionResource resource, Byte nextByte, ReadOnlySpan`1 bytes)
   at System.Text.Json.Utf8JsonReader.ConsumeNextToken(Byte marker)
   at System.Text.Json.Utf8JsonReader.ConsumeNextTokenOrRollback(Byte marker)
   at System.Text.Json.Utf8JsonReader.ReadSingleSegment()
   at System.Text.Json.Utf8JsonReader.Read()
   at System.Text.Json.JsonDocument.Parse(ReadOnlySpan`1 utf8JsonSpan, JsonReaderOptions readerOptions, MetadataDb& database, StackRowStack& stack)
   at System.Text.Json.JsonDocument.Parse(ReadOnlyMemory`1 utf8Json, JsonReaderOptions readerOptions, Byte[] extraRentedArrayPoolBytes, PooledByteBufferWriter extraPooledByteBufferWriter)
   at System.Text.Json.JsonDocument.Parse(ReadOnlyMemory`1 json, JsonDocumentOptions options)
   at System.Text.Json.JsonDocument.Parse(String json, JsonDocumentOptions options)
   at CommitQualityAnalyzer.Worker.Services.CommitAnalyzerService.ExtractJsonFromResponse(String response) in D:\Estudos\Projects\CommitQualityAnalyzer\src\CommitQualityAnalyzer.Worker\Services\CommitAnalyzerService.cs:line 784
2025-04-06 17:10:26.872 -03:00 [INF] Tentando converter resposta em texto para JSON
2025-04-06 17:10:26.873 -03:00 [INF] Tentando converter resposta em texto para JSON
2025-04-06 17:10:26.874 -03:00 [INF] Não foi possível extrair uma proposta de refatoração válida do texto da resposta.
2025-04-06 17:10:26.874 -03:00 [INF] Não foi possível extrair uma proposta de refatoração válida do texto da resposta.
2025-04-06 17:10:26.877 -03:00 [INF] Resposta em texto convertida para JSON com sucesso: 11967 caracteres
2025-04-06 17:10:26.878 -03:00 [INF] Resposta em texto convertida para JSON com sucesso: 11967 caracteres
2025-04-06 17:10:26.879 -03:00 [INF] Processamento concluído em 202.4564012 segundos
2025-04-06 17:10:26.880 -03:00 [INF] Processamento concluído em 202.4564012 segundos
2025-04-06 17:10:26.881 -03:00 [INF] Nenhuma proposta de refatoração encontrada para o arquivo src/Shared/Edata.Vision.Infrastructure.Data.GenericRepository/Converters.cs
2025-04-06 17:10:26.882 -03:00 [INF] Nenhuma proposta de refatoração encontrada para o arquivo src/Shared/Edata.Vision.Infrastructure.Data.GenericRepository/Converters.cs
2025-04-06 17:10:26.883 -03:00 [INF] Análise de diferenças concluída para arquivo src/Shared/Edata.Vision.Infrastructure.Data.GenericRepository/Converters.cs em 202.4700286 segundos. Pontuação final: 70
2025-04-06 17:10:26.884 -03:00 [INF] Análise de diferenças concluída para arquivo src/Shared/Edata.Vision.Infrastructure.Data.GenericRepository/Converters.cs em 202.4700286 segundos. Pontuação final: 70
2025-04-06 17:10:26.887 -03:00 [INF] Análise salva com sucesso para o arquivo src/Shared/Edata.Vision.Infrastructure.Data.GenericRepository/Converters.cs
2025-04-06 17:10:26.887 -03:00 [INF] Análise salva com sucesso para o arquivo src/Shared/Edata.Vision.Infrastructure.Data.GenericRepository/Converters.cs
2025-04-06 17:10:26.896 -03:00 [INF] Analisando arquivo: src/SupplyChain/Edata.Vision.Application.SupplyChain/Mappers/CargoMapper.cs
2025-04-06 17:10:26.896 -03:00 [INF] Analisando arquivo: src/SupplyChain/Edata.Vision.Application.SupplyChain/Mappers/CargoMapper.cs
2025-04-06 17:10:26.897 -03:00 [INF] Analisando diferenças para src/SupplyChain/Edata.Vision.Application.SupplyChain/Mappers/CargoMapper.cs (1867 caracteres)
2025-04-06 17:10:26.899 -03:00 [INF] Analisando diferenças para src/SupplyChain/Edata.Vision.Application.SupplyChain/Mappers/CargoMapper.cs (1867 caracteres)
2025-04-06 17:10:26.900 -03:00 [INF] Iniciando análise de diferenças para arquivo: src/SupplyChain/Edata.Vision.Application.SupplyChain/Mappers/CargoMapper.cs
2025-04-06 17:10:26.901 -03:00 [INF] Iniciando análise de diferenças para arquivo: src/SupplyChain/Edata.Vision.Application.SupplyChain/Mappers/CargoMapper.cs
2025-04-06 17:10:26.902 -03:00 [INF] Construindo prompt para análise de diferenças para arquivo src/SupplyChain/Edata.Vision.Application.SupplyChain/Mappers/CargoMapper.cs
2025-04-06 17:10:26.903 -03:00 [INF] Construindo prompt para análise de diferenças para arquivo src/SupplyChain/Edata.Vision.Application.SupplyChain/Mappers/CargoMapper.cs
2025-04-06 17:10:26.904 -03:00 [INF] Processando prompt completo para análise de diferenças
2025-04-06 17:10:26.905 -03:00 [INF] Processando prompt completo para análise de diferenças
2025-04-06 17:10:26.905 -03:00 [INF] Processando parte do prompt com 4705 caracteres usando modelo codellama:latest
2025-04-06 17:10:26.906 -03:00 [INF] Processando parte do prompt com 4705 caracteres usando modelo codellama:latest
2025-04-06 17:24:29.683 -03:00 [INF] Iniciando CommitQualityAnalyzer
2025-04-06 17:24:29.895 -03:00 [INF] Iniciando análise de commits das últimas 24 horas
2025-04-06 17:24:29.901 -03:00 [INF] Iniciando análise do repositório: D:\Edata\Vision\backend
2025-04-06 17:24:29.902 -03:00 [INF] Iniciando análise do repositório: D:\Edata\Vision\backend
2025-04-06 17:24:29.959 -03:00 [INF] Encontrados 2 commits nas últimas 24 horas
2025-04-06 17:24:29.961 -03:00 [INF] Encontrados 2 commits nas últimas 24 horas
2025-04-06 17:24:29.962 -03:00 [INF] Iniciando análise do commit: 8738cba3 de Lucas Ferreira em "2025-04-05T18:04:18.0000000"
2025-04-06 17:24:29.964 -03:00 [INF] Iniciando análise do commit: 8738cba3 de Lucas Ferreira em "2025-04-05T18:04:18.0000000"
2025-04-06 17:24:29.966 -03:00 [INF] Obtendo mudanças para o commit 8738cba3
2025-04-06 17:24:29.966 -03:00 [INF] Obtendo mudanças para o commit 8738cba3
2025-04-06 17:24:29.991 -03:00 [INF] Obtidas 45 alterações para o commit 8738cba3
2025-04-06 17:24:29.992 -03:00 [INF] Obtidas 45 alterações para o commit 8738cba3
2025-04-06 17:24:30.000 -03:00 [INF] Analisando arquivo: src/Core/Edata.Vision.Infrastructure.Core.Data.Legacy/Mappings/Oracle/V7/CityMap.cs
2025-04-06 17:24:30.001 -03:00 [INF] Analisando arquivo: src/Core/Edata.Vision.Infrastructure.Core.Data.Legacy/Mappings/Oracle/V7/CityMap.cs
2025-04-06 17:24:30.002 -03:00 [INF] Analisando diferenças para src/Core/Edata.Vision.Infrastructure.Core.Data.Legacy/Mappings/Oracle/V7/CityMap.cs (2239 caracteres)
2025-04-06 17:24:30.004 -03:00 [INF] Analisando diferenças para src/Core/Edata.Vision.Infrastructure.Core.Data.Legacy/Mappings/Oracle/V7/CityMap.cs (2239 caracteres)
2025-04-06 17:24:30.007 -03:00 [INF] Iniciando análise de diferenças para arquivo: src/Core/Edata.Vision.Infrastructure.Core.Data.Legacy/Mappings/Oracle/V7/CityMap.cs
2025-04-06 17:24:30.008 -03:00 [INF] Iniciando análise de diferenças para arquivo: src/Core/Edata.Vision.Infrastructure.Core.Data.Legacy/Mappings/Oracle/V7/CityMap.cs
2025-04-06 17:24:30.012 -03:00 [INF] Construindo prompt para análise de diferenças para arquivo src/Core/Edata.Vision.Infrastructure.Core.Data.Legacy/Mappings/Oracle/V7/CityMap.cs
2025-04-06 17:24:30.013 -03:00 [INF] Construindo prompt para análise de diferenças para arquivo src/Core/Edata.Vision.Infrastructure.Core.Data.Legacy/Mappings/Oracle/V7/CityMap.cs
2025-04-06 17:24:30.015 -03:00 [INF] Processando prompt completo para análise de diferenças
2025-04-06 17:24:30.016 -03:00 [INF] Processando prompt completo para análise de diferenças
2025-04-06 17:24:30.019 -03:00 [INF] Processando parte do prompt com 4339 caracteres usando modelo codellama:latest
2025-04-06 17:24:30.020 -03:00 [INF] Processando parte do prompt com 4339 caracteres usando modelo codellama:latest
2025-04-06 17:27:26.758 -03:00 [WRN] Não foi possível encontrar o início do JSON na resposta
2025-04-06 17:27:26.759 -03:00 [WRN] Não foi possível encontrar o início do JSON na resposta
2025-04-06 17:27:26.763 -03:00 [INF] Tentando converter resposta em texto para JSON
2025-04-06 17:27:26.763 -03:00 [INF] Tentando converter resposta em texto para JSON
2025-04-06 17:27:26.771 -03:00 [INF] Não foi possível extrair uma proposta de refatoração válida do texto da resposta.
2025-04-06 17:27:26.772 -03:00 [INF] Não foi possível extrair uma proposta de refatoração válida do texto da resposta.
2025-04-06 17:27:26.781 -03:00 [INF] Resposta em texto convertida para JSON com sucesso: 703 caracteres
2025-04-06 17:27:26.782 -03:00 [INF] Resposta em texto convertida para JSON com sucesso: 703 caracteres
2025-04-06 17:27:26.783 -03:00 [INF] Processamento concluído em 176.7615513 segundos
2025-04-06 17:27:26.784 -03:00 [INF] Processamento concluído em 176.7615513 segundos
2025-04-06 17:27:26.786 -03:00 [INF] Nenhuma proposta de refatoração encontrada para o arquivo src/Core/Edata.Vision.Infrastructure.Core.Data.Legacy/Mappings/Oracle/V7/CityMap.cs
2025-04-06 17:27:26.787 -03:00 [INF] Nenhuma proposta de refatoração encontrada para o arquivo src/Core/Edata.Vision.Infrastructure.Core.Data.Legacy/Mappings/Oracle/V7/CityMap.cs
2025-04-06 17:27:26.791 -03:00 [INF] Análise de diferenças concluída para arquivo src/Core/Edata.Vision.Infrastructure.Core.Data.Legacy/Mappings/Oracle/V7/CityMap.cs em 176.7797457 segundos. Pontuação final: 85
2025-04-06 17:27:26.792 -03:00 [INF] Análise de diferenças concluída para arquivo src/Core/Edata.Vision.Infrastructure.Core.Data.Legacy/Mappings/Oracle/V7/CityMap.cs em 176.7797457 segundos. Pontuação final: 85
2025-04-06 17:27:26.852 -03:00 [INF] Análise salva com sucesso para o arquivo src/Core/Edata.Vision.Infrastructure.Core.Data.Legacy/Mappings/Oracle/V7/CityMap.cs
2025-04-06 17:27:26.854 -03:00 [INF] Análise salva com sucesso para o arquivo src/Core/Edata.Vision.Infrastructure.Core.Data.Legacy/Mappings/Oracle/V7/CityMap.cs
2025-04-06 17:27:26.855 -03:00 [INF] Analisando arquivo: src/Core/Edata.Vision.Infrastructure.Core.Data.Legacy/Mappings/Oracle/V7/DistrictMap.cs
2025-04-06 17:27:26.857 -03:00 [INF] Analisando arquivo: src/Core/Edata.Vision.Infrastructure.Core.Data.Legacy/Mappings/Oracle/V7/DistrictMap.cs
2025-04-06 17:27:26.859 -03:00 [INF] Analisando diferenças para src/Core/Edata.Vision.Infrastructure.Core.Data.Legacy/Mappings/Oracle/V7/DistrictMap.cs (1973 caracteres)
2025-04-06 17:27:26.861 -03:00 [INF] Analisando diferenças para src/Core/Edata.Vision.Infrastructure.Core.Data.Legacy/Mappings/Oracle/V7/DistrictMap.cs (1973 caracteres)
2025-04-06 17:27:26.865 -03:00 [INF] Iniciando análise de diferenças para arquivo: src/Core/Edata.Vision.Infrastructure.Core.Data.Legacy/Mappings/Oracle/V7/DistrictMap.cs
2025-04-06 17:27:26.866 -03:00 [INF] Iniciando análise de diferenças para arquivo: src/Core/Edata.Vision.Infrastructure.Core.Data.Legacy/Mappings/Oracle/V7/DistrictMap.cs
2025-04-06 17:27:26.868 -03:00 [INF] Construindo prompt para análise de diferenças para arquivo src/Core/Edata.Vision.Infrastructure.Core.Data.Legacy/Mappings/Oracle/V7/DistrictMap.cs
2025-04-06 17:27:26.869 -03:00 [INF] Construindo prompt para análise de diferenças para arquivo src/Core/Edata.Vision.Infrastructure.Core.Data.Legacy/Mappings/Oracle/V7/DistrictMap.cs
2025-04-06 17:27:26.871 -03:00 [INF] Processando prompt completo para análise de diferenças
2025-04-06 17:27:26.872 -03:00 [INF] Processando prompt completo para análise de diferenças
2025-04-06 17:27:26.878 -03:00 [INF] Processando parte do prompt com 4077 caracteres usando modelo codellama:latest
2025-04-06 17:27:26.879 -03:00 [INF] Processando parte do prompt com 4077 caracteres usando modelo codellama:latest
2025-04-06 17:29:02.504 -03:00 [INF] Iniciando CommitQualityAnalyzer
2025-04-06 17:29:02.713 -03:00 [INF] Iniciando análise de commits das últimas 24 horas
2025-04-06 17:29:02.719 -03:00 [INF] Iniciando análise do repositório: D:\Edata\Vision\backend
2025-04-06 17:29:02.721 -03:00 [INF] Iniciando análise do repositório: D:\Edata\Vision\backend
2025-04-06 17:29:02.779 -03:00 [INF] Encontrados 2 commits nas últimas 24 horas
2025-04-06 17:29:02.781 -03:00 [INF] Encontrados 2 commits nas últimas 24 horas
2025-04-06 17:29:02.782 -03:00 [INF] Iniciando análise do commit: 8738cba3 de Lucas Ferreira em "2025-04-05T18:04:18.0000000"
2025-04-06 17:29:02.785 -03:00 [INF] Iniciando análise do commit: 8738cba3 de Lucas Ferreira em "2025-04-05T18:04:18.0000000"
2025-04-06 17:29:02.787 -03:00 [INF] Obtendo mudanças para o commit 8738cba3
2025-04-06 17:29:02.789 -03:00 [INF] Obtendo mudanças para o commit 8738cba3
2025-04-06 17:29:02.819 -03:00 [INF] Obtidas 45 alterações para o commit 8738cba3
2025-04-06 17:29:02.821 -03:00 [INF] Obtidas 45 alterações para o commit 8738cba3
2025-04-06 17:29:02.830 -03:00 [INF] Analisando arquivo: src/Core/Edata.Vision.Infrastructure.Core.Data.Legacy/Mappings/Oracle/V7/CityMap.cs
2025-04-06 17:29:02.831 -03:00 [INF] Analisando arquivo: src/Core/Edata.Vision.Infrastructure.Core.Data.Legacy/Mappings/Oracle/V7/CityMap.cs
2025-04-06 17:29:02.832 -03:00 [INF] Analisando diferenças para src/Core/Edata.Vision.Infrastructure.Core.Data.Legacy/Mappings/Oracle/V7/CityMap.cs (2239 caracteres)
2025-04-06 17:29:02.833 -03:00 [INF] Analisando diferenças para src/Core/Edata.Vision.Infrastructure.Core.Data.Legacy/Mappings/Oracle/V7/CityMap.cs (2239 caracteres)
2025-04-06 17:29:02.836 -03:00 [INF] Iniciando análise de diferenças para arquivo: src/Core/Edata.Vision.Infrastructure.Core.Data.Legacy/Mappings/Oracle/V7/CityMap.cs
2025-04-06 17:29:02.837 -03:00 [INF] Iniciando análise de diferenças para arquivo: src/Core/Edata.Vision.Infrastructure.Core.Data.Legacy/Mappings/Oracle/V7/CityMap.cs
2025-04-06 17:29:02.840 -03:00 [INF] Construindo prompt para análise de diferenças para arquivo src/Core/Edata.Vision.Infrastructure.Core.Data.Legacy/Mappings/Oracle/V7/CityMap.cs
2025-04-06 17:29:02.841 -03:00 [INF] Construindo prompt para análise de diferenças para arquivo src/Core/Edata.Vision.Infrastructure.Core.Data.Legacy/Mappings/Oracle/V7/CityMap.cs
2025-04-06 17:29:02.842 -03:00 [INF] Processando prompt completo para análise de diferenças
2025-04-06 17:29:02.843 -03:00 [INF] Processando prompt completo para análise de diferenças
2025-04-06 17:29:02.846 -03:00 [INF] Processando parte do prompt com 4478 caracteres usando modelo codellama:latest
2025-04-06 17:29:02.847 -03:00 [INF] Processando parte do prompt com 4478 caracteres usando modelo codellama:latest
2025-04-06 17:32:03.510 -03:00 [WRN] Não foi possível encontrar o início do JSON na resposta
2025-04-06 17:32:03.511 -03:00 [WRN] Não foi possível encontrar o início do JSON na resposta
2025-04-06 17:32:03.514 -03:00 [INF] Tentando converter resposta em texto para JSON
2025-04-06 17:32:03.514 -03:00 [INF] Tentando converter resposta em texto para JSON
2025-04-06 17:32:03.517 -03:00 [INF] Não foi possível extrair uma proposta de refatoração válida do texto da resposta.
2025-04-06 17:32:03.518 -03:00 [INF] Não foi possível extrair uma proposta de refatoração válida do texto da resposta.
2025-04-06 17:32:03.534 -03:00 [INF] Resposta em texto convertida para JSON com sucesso: 13896 caracteres
2025-04-06 17:32:03.535 -03:00 [INF] Resposta em texto convertida para JSON com sucesso: 13896 caracteres
2025-04-06 17:32:03.536 -03:00 [INF] Processamento concluído em 180.6870676 segundos
2025-04-06 17:32:03.536 -03:00 [INF] Processamento concluído em 180.6870676 segundos
2025-04-06 17:32:03.538 -03:00 [INF] Nenhuma proposta de refatoração encontrada para o arquivo src/Core/Edata.Vision.Infrastructure.Core.Data.Legacy/Mappings/Oracle/V7/CityMap.cs
2025-04-06 17:32:03.538 -03:00 [INF] Nenhuma proposta de refatoração encontrada para o arquivo src/Core/Edata.Vision.Infrastructure.Core.Data.Legacy/Mappings/Oracle/V7/CityMap.cs
2025-04-06 17:32:03.541 -03:00 [INF] Análise de diferenças concluída para arquivo src/Core/Edata.Vision.Infrastructure.Core.Data.Legacy/Mappings/Oracle/V7/CityMap.cs em 180.7018987 segundos. Pontuação final: 70
2025-04-06 17:32:03.543 -03:00 [INF] Análise de diferenças concluída para arquivo src/Core/Edata.Vision.Infrastructure.Core.Data.Legacy/Mappings/Oracle/V7/CityMap.cs em 180.7018987 segundos. Pontuação final: 70
2025-04-06 17:32:03.595 -03:00 [INF] Análise salva com sucesso para o arquivo src/Core/Edata.Vision.Infrastructure.Core.Data.Legacy/Mappings/Oracle/V7/CityMap.cs
2025-04-06 17:32:03.596 -03:00 [INF] Análise salva com sucesso para o arquivo src/Core/Edata.Vision.Infrastructure.Core.Data.Legacy/Mappings/Oracle/V7/CityMap.cs
2025-04-06 17:32:03.597 -03:00 [INF] Analisando arquivo: src/Core/Edata.Vision.Infrastructure.Core.Data.Legacy/Mappings/Oracle/V7/DistrictMap.cs
2025-04-06 17:32:03.598 -03:00 [INF] Analisando arquivo: src/Core/Edata.Vision.Infrastructure.Core.Data.Legacy/Mappings/Oracle/V7/DistrictMap.cs
2025-04-06 17:32:03.598 -03:00 [INF] Analisando diferenças para src/Core/Edata.Vision.Infrastructure.Core.Data.Legacy/Mappings/Oracle/V7/DistrictMap.cs (1973 caracteres)
2025-04-06 17:32:03.599 -03:00 [INF] Analisando diferenças para src/Core/Edata.Vision.Infrastructure.Core.Data.Legacy/Mappings/Oracle/V7/DistrictMap.cs (1973 caracteres)
2025-04-06 17:32:03.600 -03:00 [INF] Iniciando análise de diferenças para arquivo: src/Core/Edata.Vision.Infrastructure.Core.Data.Legacy/Mappings/Oracle/V7/DistrictMap.cs
2025-04-06 17:32:03.601 -03:00 [INF] Iniciando análise de diferenças para arquivo: src/Core/Edata.Vision.Infrastructure.Core.Data.Legacy/Mappings/Oracle/V7/DistrictMap.cs
2025-04-06 17:32:03.602 -03:00 [INF] Construindo prompt para análise de diferenças para arquivo src/Core/Edata.Vision.Infrastructure.Core.Data.Legacy/Mappings/Oracle/V7/DistrictMap.cs
2025-04-06 17:32:03.603 -03:00 [INF] Construindo prompt para análise de diferenças para arquivo src/Core/Edata.Vision.Infrastructure.Core.Data.Legacy/Mappings/Oracle/V7/DistrictMap.cs
2025-04-06 17:32:03.604 -03:00 [INF] Processando prompt completo para análise de diferenças
2025-04-06 17:32:03.604 -03:00 [INF] Processando prompt completo para análise de diferenças
2025-04-06 17:32:03.605 -03:00 [INF] Processando parte do prompt com 4216 caracteres usando modelo codellama:latest
2025-04-06 17:32:03.606 -03:00 [INF] Processando parte do prompt com 4216 caracteres usando modelo codellama:latest
2025-04-06 17:35:22.126 -03:00 [WRN] Não foi possível encontrar o início do JSON na resposta
2025-04-06 17:35:22.126 -03:00 [WRN] Não foi possível encontrar o início do JSON na resposta
2025-04-06 17:35:22.127 -03:00 [INF] Tentando converter resposta em texto para JSON
2025-04-06 17:35:22.127 -03:00 [INF] Tentando converter resposta em texto para JSON
2025-04-06 17:35:22.128 -03:00 [INF] Não foi possível extrair uma proposta de refatoração válida do texto da resposta.
2025-04-06 17:35:22.128 -03:00 [INF] Não foi possível extrair uma proposta de refatoração válida do texto da resposta.
2025-04-06 17:35:22.130 -03:00 [INF] Resposta em texto convertida para JSON com sucesso: 1183 caracteres
2025-04-06 17:35:22.131 -03:00 [INF] Resposta em texto convertida para JSON com sucesso: 1183 caracteres
2025-04-06 17:35:22.131 -03:00 [INF] Processamento concluído em 198.5249418 segundos
2025-04-06 17:35:22.132 -03:00 [INF] Processamento concluído em 198.5249418 segundos
2025-04-06 17:35:22.133 -03:00 [INF] Nenhuma proposta de refatoração encontrada para o arquivo src/Core/Edata.Vision.Infrastructure.Core.Data.Legacy/Mappings/Oracle/V7/DistrictMap.cs
2025-04-06 17:35:22.133 -03:00 [INF] Nenhuma proposta de refatoração encontrada para o arquivo src/Core/Edata.Vision.Infrastructure.Core.Data.Legacy/Mappings/Oracle/V7/DistrictMap.cs
2025-04-06 17:35:22.134 -03:00 [INF] Análise de diferenças concluída para arquivo src/Core/Edata.Vision.Infrastructure.Core.Data.Legacy/Mappings/Oracle/V7/DistrictMap.cs em 198.5322565 segundos. Pontuação final: 68
2025-04-06 17:35:22.137 -03:00 [INF] Análise de diferenças concluída para arquivo src/Core/Edata.Vision.Infrastructure.Core.Data.Legacy/Mappings/Oracle/V7/DistrictMap.cs em 198.5322565 segundos. Pontuação final: 68
2025-04-06 17:35:22.145 -03:00 [INF] Análise salva com sucesso para o arquivo src/Core/Edata.Vision.Infrastructure.Core.Data.Legacy/Mappings/Oracle/V7/DistrictMap.cs
2025-04-06 17:35:22.146 -03:00 [INF] Análise salva com sucesso para o arquivo src/Core/Edata.Vision.Infrastructure.Core.Data.Legacy/Mappings/Oracle/V7/DistrictMap.cs
2025-04-06 17:35:22.147 -03:00 [INF] Analisando arquivo: src/Core/Edata.Vision.Infrastructure.Core.Data.Legacy/Mappings/Oracle/V7/StateMap.cs
2025-04-06 17:35:22.148 -03:00 [INF] Analisando arquivo: src/Core/Edata.Vision.Infrastructure.Core.Data.Legacy/Mappings/Oracle/V7/StateMap.cs
2025-04-06 17:35:22.149 -03:00 [INF] Analisando diferenças para src/Core/Edata.Vision.Infrastructure.Core.Data.Legacy/Mappings/Oracle/V7/StateMap.cs (2554 caracteres)
2025-04-06 17:35:22.150 -03:00 [INF] Analisando diferenças para src/Core/Edata.Vision.Infrastructure.Core.Data.Legacy/Mappings/Oracle/V7/StateMap.cs (2554 caracteres)
2025-04-06 17:35:22.152 -03:00 [INF] Iniciando análise de diferenças para arquivo: src/Core/Edata.Vision.Infrastructure.Core.Data.Legacy/Mappings/Oracle/V7/StateMap.cs
2025-04-06 17:35:22.153 -03:00 [INF] Iniciando análise de diferenças para arquivo: src/Core/Edata.Vision.Infrastructure.Core.Data.Legacy/Mappings/Oracle/V7/StateMap.cs
2025-04-06 17:35:22.155 -03:00 [INF] Construindo prompt para análise de diferenças para arquivo src/Core/Edata.Vision.Infrastructure.Core.Data.Legacy/Mappings/Oracle/V7/StateMap.cs
2025-04-06 17:35:22.156 -03:00 [INF] Construindo prompt para análise de diferenças para arquivo src/Core/Edata.Vision.Infrastructure.Core.Data.Legacy/Mappings/Oracle/V7/StateMap.cs
2025-04-06 17:35:22.157 -03:00 [INF] Processando prompt completo para análise de diferenças
2025-04-06 17:35:22.158 -03:00 [INF] Processando prompt completo para análise de diferenças
2025-04-06 17:35:22.158 -03:00 [INF] Processando parte do prompt com 4794 caracteres usando modelo codellama:latest
2025-04-06 17:35:22.159 -03:00 [INF] Processando parte do prompt com 4794 caracteres usando modelo codellama:latest
2025-04-06 17:38:32.518 -03:00 [WRN] Não foi possível encontrar o início do JSON na resposta
2025-04-06 17:38:32.519 -03:00 [WRN] Não foi possível encontrar o início do JSON na resposta
2025-04-06 17:38:32.519 -03:00 [INF] Tentando converter resposta em texto para JSON
2025-04-06 17:38:32.520 -03:00 [INF] Tentando converter resposta em texto para JSON
2025-04-06 17:38:32.521 -03:00 [INF] Não foi possível extrair uma proposta de refatoração válida do texto da resposta.
2025-04-06 17:38:32.521 -03:00 [INF] Não foi possível extrair uma proposta de refatoração válida do texto da resposta.
2025-04-06 17:38:32.523 -03:00 [INF] Resposta em texto convertida para JSON com sucesso: 1003 caracteres
2025-04-06 17:38:32.523 -03:00 [INF] Resposta em texto convertida para JSON com sucesso: 1003 caracteres
2025-04-06 17:38:32.524 -03:00 [INF] Processamento concluído em 190.3641012 segundos
2025-04-06 17:38:32.525 -03:00 [INF] Processamento concluído em 190.3641012 segundos
2025-04-06 17:38:32.526 -03:00 [INF] Nenhuma proposta de refatoração encontrada para o arquivo src/Core/Edata.Vision.Infrastructure.Core.Data.Legacy/Mappings/Oracle/V7/StateMap.cs
2025-04-06 17:38:32.528 -03:00 [INF] Nenhuma proposta de refatoração encontrada para o arquivo src/Core/Edata.Vision.Infrastructure.Core.Data.Legacy/Mappings/Oracle/V7/StateMap.cs
2025-04-06 17:38:32.529 -03:00 [INF] Análise de diferenças concluída para arquivo src/Core/Edata.Vision.Infrastructure.Core.Data.Legacy/Mappings/Oracle/V7/StateMap.cs em 190.3739704 segundos. Pontuação final: 74
2025-04-06 17:38:32.530 -03:00 [INF] Análise de diferenças concluída para arquivo src/Core/Edata.Vision.Infrastructure.Core.Data.Legacy/Mappings/Oracle/V7/StateMap.cs em 190.3739704 segundos. Pontuação final: 74
2025-04-06 17:38:32.533 -03:00 [INF] Análise salva com sucesso para o arquivo src/Core/Edata.Vision.Infrastructure.Core.Data.Legacy/Mappings/Oracle/V7/StateMap.cs
2025-04-06 17:38:32.534 -03:00 [INF] Análise salva com sucesso para o arquivo src/Core/Edata.Vision.Infrastructure.Core.Data.Legacy/Mappings/Oracle/V7/StateMap.cs
2025-04-06 17:38:32.535 -03:00 [INF] Analisando arquivo: src/Shared/Edata.Vision.Infrastructure.Data.GenericRepository/Converters.cs
2025-04-06 17:38:32.537 -03:00 [INF] Analisando arquivo: src/Shared/Edata.Vision.Infrastructure.Data.GenericRepository/Converters.cs
2025-04-06 17:38:32.538 -03:00 [INF] Analisando diferenças para src/Shared/Edata.Vision.Infrastructure.Data.GenericRepository/Converters.cs (15885 caracteres)
2025-04-06 17:38:32.539 -03:00 [INF] Analisando diferenças para src/Shared/Edata.Vision.Infrastructure.Data.GenericRepository/Converters.cs (15885 caracteres)
2025-04-06 17:38:32.540 -03:00 [INF] Iniciando análise de diferenças para arquivo: src/Shared/Edata.Vision.Infrastructure.Data.GenericRepository/Converters.cs
2025-04-06 17:38:32.541 -03:00 [INF] Iniciando análise de diferenças para arquivo: src/Shared/Edata.Vision.Infrastructure.Data.GenericRepository/Converters.cs
2025-04-06 17:38:32.544 -03:00 [INF] Construindo prompt para análise de diferenças para arquivo src/Shared/Edata.Vision.Infrastructure.Data.GenericRepository/Converters.cs
2025-04-06 17:38:32.545 -03:00 [INF] Construindo prompt para análise de diferenças para arquivo src/Shared/Edata.Vision.Infrastructure.Data.GenericRepository/Converters.cs
2025-04-06 17:38:32.546 -03:00 [WRN] Prompt excede o tamanho máximo (18116 > 8000). Truncando diff...
2025-04-06 17:38:32.547 -03:00 [WRN] Prompt excede o tamanho máximo (18116 > 8000). Truncando diff...
2025-04-06 17:38:32.548 -03:00 [INF] Processando prompt completo para análise de diferenças
2025-04-06 17:38:32.549 -03:00 [INF] Processando prompt completo para análise de diferenças
2025-04-06 17:38:32.550 -03:00 [INF] Processando parte do prompt com 7954 caracteres usando modelo codellama:latest
2025-04-06 17:38:32.551 -03:00 [INF] Processando parte do prompt com 7954 caracteres usando modelo codellama:latest
2025-04-06 17:42:12.801 -03:00 [WRN] Não foi possível encontrar o início do JSON na resposta
2025-04-06 17:42:12.802 -03:00 [WRN] Não foi possível encontrar o início do JSON na resposta
2025-04-06 17:42:12.802 -03:00 [INF] Tentando converter resposta em texto para JSON
2025-04-06 17:42:12.803 -03:00 [INF] Tentando converter resposta em texto para JSON
2025-04-06 17:42:12.804 -03:00 [INF] Não foi possível extrair uma proposta de refatoração válida do texto da resposta.
2025-04-06 17:42:12.804 -03:00 [INF] Não foi possível extrair uma proposta de refatoração válida do texto da resposta.
2025-04-06 17:42:12.806 -03:00 [INF] Resposta em texto convertida para JSON com sucesso: 540 caracteres
2025-04-06 17:42:12.808 -03:00 [INF] Resposta em texto convertida para JSON com sucesso: 540 caracteres
2025-04-06 17:42:12.808 -03:00 [INF] Processamento concluído em 220.2568983 segundos
2025-04-06 17:42:12.809 -03:00 [INF] Processamento concluído em 220.2568983 segundos
2025-04-06 17:42:12.810 -03:00 [INF] Nenhuma proposta de refatoração encontrada para o arquivo src/Shared/Edata.Vision.Infrastructure.Data.GenericRepository/Converters.cs
2025-04-06 17:42:12.812 -03:00 [INF] Nenhuma proposta de refatoração encontrada para o arquivo src/Shared/Edata.Vision.Infrastructure.Data.GenericRepository/Converters.cs
2025-04-06 17:42:12.813 -03:00 [INF] Análise de diferenças concluída para arquivo src/Shared/Edata.Vision.Infrastructure.Data.GenericRepository/Converters.cs em 220.2707358 segundos. Pontuação final: 74
2025-04-06 17:42:12.814 -03:00 [INF] Análise de diferenças concluída para arquivo src/Shared/Edata.Vision.Infrastructure.Data.GenericRepository/Converters.cs em 220.2707358 segundos. Pontuação final: 74
2025-04-06 17:42:12.817 -03:00 [INF] Análise salva com sucesso para o arquivo src/Shared/Edata.Vision.Infrastructure.Data.GenericRepository/Converters.cs
2025-04-06 17:42:12.818 -03:00 [INF] Análise salva com sucesso para o arquivo src/Shared/Edata.Vision.Infrastructure.Data.GenericRepository/Converters.cs
2025-04-06 17:42:12.819 -03:00 [INF] Analisando arquivo: src/SupplyChain/Edata.Vision.Application.SupplyChain/Mappers/CargoMapper.cs
2025-04-06 17:42:12.820 -03:00 [INF] Analisando arquivo: src/SupplyChain/Edata.Vision.Application.SupplyChain/Mappers/CargoMapper.cs
2025-04-06 17:42:12.821 -03:00 [INF] Analisando diferenças para src/SupplyChain/Edata.Vision.Application.SupplyChain/Mappers/CargoMapper.cs (1867 caracteres)
2025-04-06 17:42:12.823 -03:00 [INF] Analisando diferenças para src/SupplyChain/Edata.Vision.Application.SupplyChain/Mappers/CargoMapper.cs (1867 caracteres)
2025-04-06 17:42:12.824 -03:00 [INF] Iniciando análise de diferenças para arquivo: src/SupplyChain/Edata.Vision.Application.SupplyChain/Mappers/CargoMapper.cs
2025-04-06 17:42:12.825 -03:00 [INF] Iniciando análise de diferenças para arquivo: src/SupplyChain/Edata.Vision.Application.SupplyChain/Mappers/CargoMapper.cs
2025-04-06 17:42:12.826 -03:00 [INF] Construindo prompt para análise de diferenças para arquivo src/SupplyChain/Edata.Vision.Application.SupplyChain/Mappers/CargoMapper.cs
2025-04-06 17:42:12.828 -03:00 [INF] Construindo prompt para análise de diferenças para arquivo src/SupplyChain/Edata.Vision.Application.SupplyChain/Mappers/CargoMapper.cs
2025-04-06 17:42:12.830 -03:00 [INF] Processando prompt completo para análise de diferenças
2025-04-06 17:42:12.831 -03:00 [INF] Processando prompt completo para análise de diferenças
2025-04-06 17:42:12.832 -03:00 [INF] Processando parte do prompt com 4098 caracteres usando modelo codellama:latest
2025-04-06 17:42:12.832 -03:00 [INF] Processando parte do prompt com 4098 caracteres usando modelo codellama:latest
2025-04-06 17:45:08.067 -03:00 [WRN] Não foi possível encontrar o início do JSON na resposta
2025-04-06 17:45:08.068 -03:00 [WRN] Não foi possível encontrar o início do JSON na resposta
2025-04-06 17:45:08.069 -03:00 [INF] Tentando converter resposta em texto para JSON
2025-04-06 17:45:08.069 -03:00 [INF] Tentando converter resposta em texto para JSON
2025-04-06 17:45:08.071 -03:00 [INF] Não foi possível extrair uma proposta de refatoração válida do texto da resposta.
2025-04-06 17:45:08.071 -03:00 [INF] Não foi possível extrair uma proposta de refatoração válida do texto da resposta.
2025-04-06 17:45:08.072 -03:00 [INF] Resposta em texto convertida para JSON com sucesso: 10766 caracteres
2025-04-06 17:45:08.073 -03:00 [INF] Resposta em texto convertida para JSON com sucesso: 10766 caracteres
2025-04-06 17:45:08.073 -03:00 [INF] Processamento concluído em 175.2402812 segundos
2025-04-06 17:45:08.074 -03:00 [INF] Processamento concluído em 175.2402812 segundos
2025-04-06 17:45:08.075 -03:00 [INF] Nenhuma proposta de refatoração encontrada para o arquivo src/SupplyChain/Edata.Vision.Application.SupplyChain/Mappers/CargoMapper.cs
2025-04-06 17:45:08.076 -03:00 [INF] Nenhuma proposta de refatoração encontrada para o arquivo src/SupplyChain/Edata.Vision.Application.SupplyChain/Mappers/CargoMapper.cs
2025-04-06 17:45:08.078 -03:00 [INF] Análise de diferenças concluída para arquivo src/SupplyChain/Edata.Vision.Application.SupplyChain/Mappers/CargoMapper.cs em 175.252467 segundos. Pontuação final: 68
2025-04-06 17:45:08.079 -03:00 [INF] Análise de diferenças concluída para arquivo src/SupplyChain/Edata.Vision.Application.SupplyChain/Mappers/CargoMapper.cs em 175.252467 segundos. Pontuação final: 68
2025-04-06 17:45:08.082 -03:00 [INF] Análise salva com sucesso para o arquivo src/SupplyChain/Edata.Vision.Application.SupplyChain/Mappers/CargoMapper.cs
2025-04-06 17:45:08.085 -03:00 [INF] Análise salva com sucesso para o arquivo src/SupplyChain/Edata.Vision.Application.SupplyChain/Mappers/CargoMapper.cs
2025-04-06 17:45:08.087 -03:00 [INF] Analisando arquivo: src/SupplyChain/Edata.Vision.Application.SupplyChain/ViewModels/CargoViewModels/CargoOrderViewModel.cs
2025-04-06 17:45:08.088 -03:00 [INF] Analisando arquivo: src/SupplyChain/Edata.Vision.Application.SupplyChain/ViewModels/CargoViewModels/CargoOrderViewModel.cs
2025-04-06 17:45:08.089 -03:00 [INF] Analisando diferenças para src/SupplyChain/Edata.Vision.Application.SupplyChain/ViewModels/CargoViewModels/CargoOrderViewModel.cs (1308 caracteres)
2025-04-06 17:45:08.090 -03:00 [INF] Analisando diferenças para src/SupplyChain/Edata.Vision.Application.SupplyChain/ViewModels/CargoViewModels/CargoOrderViewModel.cs (1308 caracteres)
2025-04-06 17:45:08.092 -03:00 [INF] Iniciando análise de diferenças para arquivo: src/SupplyChain/Edata.Vision.Application.SupplyChain/ViewModels/CargoViewModels/CargoOrderViewModel.cs
2025-04-06 17:45:08.093 -03:00 [INF] Iniciando análise de diferenças para arquivo: src/SupplyChain/Edata.Vision.Application.SupplyChain/ViewModels/CargoViewModels/CargoOrderViewModel.cs
2025-04-06 17:45:08.094 -03:00 [INF] Construindo prompt para análise de diferenças para arquivo src/SupplyChain/Edata.Vision.Application.SupplyChain/ViewModels/CargoViewModels/CargoOrderViewModel.cs
2025-04-06 17:45:08.096 -03:00 [INF] Construindo prompt para análise de diferenças para arquivo src/SupplyChain/Edata.Vision.Application.SupplyChain/ViewModels/CargoViewModels/CargoOrderViewModel.cs
2025-04-06 17:45:08.097 -03:00 [INF] Processando prompt completo para análise de diferenças
2025-04-06 17:45:08.098 -03:00 [INF] Processando prompt completo para análise de diferenças
2025-04-06 17:45:08.098 -03:00 [INF] Processando parte do prompt com 3566 caracteres usando modelo codellama:latest
2025-04-06 17:45:08.099 -03:00 [INF] Processando parte do prompt com 3566 caracteres usando modelo codellama:latest
2025-04-06 17:47:49.297 -03:00 [INF] Processamento concluído em 161.19706 segundos
2025-04-06 17:47:49.298 -03:00 [INF] Processamento concluído em 161.19706 segundos
2025-04-06 17:47:49.299 -03:00 [INF] Nenhuma proposta de refatoração encontrada para o arquivo src/SupplyChain/Edata.Vision.Application.SupplyChain/ViewModels/CargoViewModels/CargoOrderViewModel.cs
2025-04-06 17:47:49.300 -03:00 [INF] Nenhuma proposta de refatoração encontrada para o arquivo src/SupplyChain/Edata.Vision.Application.SupplyChain/ViewModels/CargoViewModels/CargoOrderViewModel.cs
2025-04-06 17:47:49.302 -03:00 [ERR] Erro ao deserializar resposta JSON para análise de diferenças do arquivo src/SupplyChain/Edata.Vision.Application.SupplyChain/ViewModels/CargoViewModels/CargoOrderViewModel.cs: JSON deserialization for type 'CommitQualityAnalyzer.Core.Models.AnalysisResult' was missing required properties, including the following: analiseGeral; comentarioGeral
System.Text.Json.JsonException: JSON deserialization for type 'CommitQualityAnalyzer.Core.Models.AnalysisResult' was missing required properties, including the following: analiseGeral; comentarioGeral
   at System.Text.Json.ThrowHelper.ThrowJsonException_JsonRequiredPropertyMissing(JsonTypeInfo parent, BitArray requiredPropertiesSet)
   at System.Text.Json.Serialization.Converters.ObjectDefaultConverter`1.OnTryRead(Utf8JsonReader& reader, Type typeToConvert, JsonSerializerOptions options, ReadStack& state, T& value)
   at System.Text.Json.Serialization.JsonConverter`1.TryRead(Utf8JsonReader& reader, Type typeToConvert, JsonSerializerOptions options, ReadStack& state, T& value, Boolean& isPopulatedValue)
   at System.Text.Json.Serialization.JsonConverter`1.ReadCore(Utf8JsonReader& reader, JsonSerializerOptions options, ReadStack& state)
   at System.Text.Json.JsonSerializer.ReadFromSpan[TValue](ReadOnlySpan`1 utf8Json, JsonTypeInfo`1 jsonTypeInfo, Nullable`1 actualByteCount)
   at System.Text.Json.JsonSerializer.ReadFromSpan[TValue](ReadOnlySpan`1 json, JsonTypeInfo`1 jsonTypeInfo)
   at System.Text.Json.JsonSerializer.Deserialize[TValue](String json, JsonSerializerOptions options)
   at CommitQualityAnalyzer.Worker.Services.CommitAnalyzerService.AnalyzeCodeDiff(String originalContent, String modifiedContent, String filePath, Commit commit) in D:\Estudos\Projects\CommitQualityAnalyzer\src\CommitQualityAnalyzer.Worker\Services\CommitAnalyzerService.cs:line 438
2025-04-06 17:47:49.314 -03:00 [ERR] Erro ao deserializar resposta JSON para análise de diferenças do arquivo src/SupplyChain/Edata.Vision.Application.SupplyChain/ViewModels/CargoViewModels/CargoOrderViewModel.cs: JSON deserialization for type 'CommitQualityAnalyzer.Core.Models.AnalysisResult' was missing required properties, including the following: analiseGeral; comentarioGeral
System.Text.Json.JsonException: JSON deserialization for type 'CommitQualityAnalyzer.Core.Models.AnalysisResult' was missing required properties, including the following: analiseGeral; comentarioGeral
   at System.Text.Json.ThrowHelper.ThrowJsonException_JsonRequiredPropertyMissing(JsonTypeInfo parent, BitArray requiredPropertiesSet)
   at System.Text.Json.Serialization.Converters.ObjectDefaultConverter`1.OnTryRead(Utf8JsonReader& reader, Type typeToConvert, JsonSerializerOptions options, ReadStack& state, T& value)
   at System.Text.Json.Serialization.JsonConverter`1.TryRead(Utf8JsonReader& reader, Type typeToConvert, JsonSerializerOptions options, ReadStack& state, T& value, Boolean& isPopulatedValue)
   at System.Text.Json.Serialization.JsonConverter`1.ReadCore(Utf8JsonReader& reader, JsonSerializerOptions options, ReadStack& state)
   at System.Text.Json.JsonSerializer.ReadFromSpan[TValue](ReadOnlySpan`1 utf8Json, JsonTypeInfo`1 jsonTypeInfo, Nullable`1 actualByteCount)
   at System.Text.Json.JsonSerializer.ReadFromSpan[TValue](ReadOnlySpan`1 json, JsonTypeInfo`1 jsonTypeInfo)
   at System.Text.Json.JsonSerializer.Deserialize[TValue](String json, JsonSerializerOptions options)
   at CommitQualityAnalyzer.Worker.Services.CommitAnalyzerService.AnalyzeCodeDiff(String originalContent, String modifiedContent, String filePath, Commit commit) in D:\Estudos\Projects\CommitQualityAnalyzer\src\CommitQualityAnalyzer.Worker\Services\CommitAnalyzerService.cs:line 438
2025-04-06 17:47:49.324 -03:00 [INF] Análise salva com sucesso para o arquivo src/SupplyChain/Edata.Vision.Application.SupplyChain/ViewModels/CargoViewModels/CargoOrderViewModel.cs
2025-04-06 17:47:49.326 -03:00 [INF] Análise salva com sucesso para o arquivo src/SupplyChain/Edata.Vision.Application.SupplyChain/ViewModels/CargoViewModels/CargoOrderViewModel.cs
2025-04-06 17:47:49.327 -03:00 [INF] Analisando arquivo: src/SupplyChain/Edata.Vision.Application.SupplyChain/ViewModels/CargoViewModels/CargoViewModel.cs
2025-04-06 17:47:49.328 -03:00 [INF] Analisando arquivo: src/SupplyChain/Edata.Vision.Application.SupplyChain/ViewModels/CargoViewModels/CargoViewModel.cs
2025-04-06 17:47:49.329 -03:00 [INF] Analisando diferenças para src/SupplyChain/Edata.Vision.Application.SupplyChain/ViewModels/CargoViewModels/CargoViewModel.cs (1175 caracteres)
2025-04-06 17:47:49.330 -03:00 [INF] Analisando diferenças para src/SupplyChain/Edata.Vision.Application.SupplyChain/ViewModels/CargoViewModels/CargoViewModel.cs (1175 caracteres)
2025-04-06 17:47:49.331 -03:00 [INF] Iniciando análise de diferenças para arquivo: src/SupplyChain/Edata.Vision.Application.SupplyChain/ViewModels/CargoViewModels/CargoViewModel.cs
2025-04-06 17:47:49.332 -03:00 [INF] Iniciando análise de diferenças para arquivo: src/SupplyChain/Edata.Vision.Application.SupplyChain/ViewModels/CargoViewModels/CargoViewModel.cs
2025-04-06 17:47:49.333 -03:00 [INF] Construindo prompt para análise de diferenças para arquivo src/SupplyChain/Edata.Vision.Application.SupplyChain/ViewModels/CargoViewModels/CargoViewModel.cs
2025-04-06 17:47:49.338 -03:00 [INF] Construindo prompt para análise de diferenças para arquivo src/SupplyChain/Edata.Vision.Application.SupplyChain/ViewModels/CargoViewModels/CargoViewModel.cs
2025-04-06 17:47:49.339 -03:00 [INF] Processando prompt completo para análise de diferenças
2025-04-06 17:47:49.340 -03:00 [INF] Processando prompt completo para análise de diferenças
2025-04-06 17:47:49.340 -03:00 [INF] Processando parte do prompt com 3428 caracteres usando modelo codellama:latest
2025-04-06 17:47:49.341 -03:00 [INF] Processando parte do prompt com 3428 caracteres usando modelo codellama:latest
2025-04-06 17:50:25.283 -03:00 [WRN] Não foi possível encontrar o início do JSON na resposta
2025-04-06 17:50:25.284 -03:00 [WRN] Não foi possível encontrar o início do JSON na resposta
2025-04-06 17:50:25.285 -03:00 [INF] Tentando converter resposta em texto para JSON
2025-04-06 17:50:25.286 -03:00 [INF] Tentando converter resposta em texto para JSON
2025-04-06 17:50:25.287 -03:00 [INF] Não foi possível extrair uma proposta de refatoração válida do texto da resposta.
2025-04-06 17:50:25.287 -03:00 [INF] Não foi possível extrair uma proposta de refatoração válida do texto da resposta.
2025-04-06 17:50:25.290 -03:00 [INF] Resposta em texto convertida para JSON com sucesso: 11557 caracteres
2025-04-06 17:50:25.291 -03:00 [INF] Resposta em texto convertida para JSON com sucesso: 11557 caracteres
2025-04-06 17:50:25.292 -03:00 [INF] Processamento concluído em 155.9504192 segundos
2025-04-06 17:50:25.293 -03:00 [INF] Processamento concluído em 155.9504192 segundos
2025-04-06 17:50:25.294 -03:00 [INF] Nenhuma proposta de refatoração encontrada para o arquivo src/SupplyChain/Edata.Vision.Application.SupplyChain/ViewModels/CargoViewModels/CargoViewModel.cs
2025-04-06 17:50:25.296 -03:00 [INF] Nenhuma proposta de refatoração encontrada para o arquivo src/SupplyChain/Edata.Vision.Application.SupplyChain/ViewModels/CargoViewModels/CargoViewModel.cs
2025-04-06 17:50:25.297 -03:00 [INF] Análise de diferenças concluída para arquivo src/SupplyChain/Edata.Vision.Application.SupplyChain/ViewModels/CargoViewModels/CargoViewModel.cs em 155.9635007 segundos. Pontuação final: 55
2025-04-06 17:50:25.298 -03:00 [INF] Análise de diferenças concluída para arquivo src/SupplyChain/Edata.Vision.Application.SupplyChain/ViewModels/CargoViewModels/CargoViewModel.cs em 155.9635007 segundos. Pontuação final: 55
2025-04-06 17:50:25.301 -03:00 [INF] Análise salva com sucesso para o arquivo src/SupplyChain/Edata.Vision.Application.SupplyChain/ViewModels/CargoViewModels/CargoViewModel.cs
2025-04-06 17:50:25.302 -03:00 [INF] Análise salva com sucesso para o arquivo src/SupplyChain/Edata.Vision.Application.SupplyChain/ViewModels/CargoViewModels/CargoViewModel.cs
2025-04-06 17:50:25.304 -03:00 [INF] Analisando arquivo: src/SupplyChain/Edata.Vision.Application.SupplyChain/ViewModels/CustomerViewModels/CustomerViewModel.cs
2025-04-06 17:50:25.305 -03:00 [INF] Analisando arquivo: src/SupplyChain/Edata.Vision.Application.SupplyChain/ViewModels/CustomerViewModels/CustomerViewModel.cs
2025-04-06 17:50:25.307 -03:00 [INF] Analisando diferenças para src/SupplyChain/Edata.Vision.Application.SupplyChain/ViewModels/CustomerViewModels/CustomerViewModel.cs (365 caracteres)
2025-04-06 17:50:25.308 -03:00 [INF] Analisando diferenças para src/SupplyChain/Edata.Vision.Application.SupplyChain/ViewModels/CustomerViewModels/CustomerViewModel.cs (365 caracteres)
2025-04-06 17:50:25.311 -03:00 [INF] Iniciando análise de diferenças para arquivo: src/SupplyChain/Edata.Vision.Application.SupplyChain/ViewModels/CustomerViewModels/CustomerViewModel.cs
2025-04-06 17:50:25.312 -03:00 [INF] Iniciando análise de diferenças para arquivo: src/SupplyChain/Edata.Vision.Application.SupplyChain/ViewModels/CustomerViewModels/CustomerViewModel.cs
2025-04-06 17:50:25.313 -03:00 [INF] Construindo prompt para análise de diferenças para arquivo src/SupplyChain/Edata.Vision.Application.SupplyChain/ViewModels/CustomerViewModels/CustomerViewModel.cs
2025-04-06 17:50:25.314 -03:00 [INF] Construindo prompt para análise de diferenças para arquivo src/SupplyChain/Edata.Vision.Application.SupplyChain/ViewModels/CustomerViewModels/CustomerViewModel.cs
2025-04-06 17:50:25.315 -03:00 [INF] Processando prompt completo para análise de diferenças
2025-04-06 17:50:25.316 -03:00 [INF] Processando prompt completo para análise de diferenças
2025-04-06 17:50:25.317 -03:00 [INF] Processando parte do prompt com 2624 caracteres usando modelo codellama:latest
2025-04-06 17:50:25.318 -03:00 [INF] Processando parte do prompt com 2624 caracteres usando modelo codellama:latest
2025-04-06 17:53:10.293 -03:00 [WRN] Não foi possível encontrar o início do JSON na resposta
2025-04-06 17:53:10.295 -03:00 [WRN] Não foi possível encontrar o início do JSON na resposta
2025-04-06 17:53:10.295 -03:00 [INF] Tentando converter resposta em texto para JSON
2025-04-06 17:53:10.296 -03:00 [INF] Tentando converter resposta em texto para JSON
2025-04-06 17:53:10.297 -03:00 [INF] Não foi possível extrair uma proposta de refatoração válida do texto da resposta.
2025-04-06 17:53:10.297 -03:00 [INF] Não foi possível extrair uma proposta de refatoração válida do texto da resposta.
2025-04-06 17:53:10.299 -03:00 [INF] Resposta em texto convertida para JSON com sucesso: 540 caracteres
2025-04-06 17:53:10.299 -03:00 [INF] Resposta em texto convertida para JSON com sucesso: 540 caracteres
2025-04-06 17:53:10.300 -03:00 [INF] Processamento concluído em 164.9800506 segundos
2025-04-06 17:53:10.301 -03:00 [INF] Processamento concluído em 164.9800506 segundos
2025-04-06 17:53:10.302 -03:00 [INF] Nenhuma proposta de refatoração encontrada para o arquivo src/SupplyChain/Edata.Vision.Application.SupplyChain/ViewModels/CustomerViewModels/CustomerViewModel.cs
2025-04-06 17:53:10.304 -03:00 [INF] Nenhuma proposta de refatoração encontrada para o arquivo src/SupplyChain/Edata.Vision.Application.SupplyChain/ViewModels/CustomerViewModels/CustomerViewModel.cs
2025-04-06 17:53:10.309 -03:00 [INF] Análise de diferenças concluída para arquivo src/SupplyChain/Edata.Vision.Application.SupplyChain/ViewModels/CustomerViewModels/CustomerViewModel.cs em 164.9954139 segundos. Pontuação final: 74
2025-04-06 17:53:10.310 -03:00 [INF] Análise de diferenças concluída para arquivo src/SupplyChain/Edata.Vision.Application.SupplyChain/ViewModels/CustomerViewModels/CustomerViewModel.cs em 164.9954139 segundos. Pontuação final: 74
2025-04-06 17:53:10.312 -03:00 [INF] Análise salva com sucesso para o arquivo src/SupplyChain/Edata.Vision.Application.SupplyChain/ViewModels/CustomerViewModels/CustomerViewModel.cs
2025-04-06 17:53:10.317 -03:00 [INF] Análise salva com sucesso para o arquivo src/SupplyChain/Edata.Vision.Application.SupplyChain/ViewModels/CustomerViewModels/CustomerViewModel.cs
2025-04-06 17:53:10.318 -03:00 [INF] Analisando arquivo: src/SupplyChain/Edata.Vision.Application.SupplyChain/ViewModels/OrderViewModels/OrderItemViewModel.cs
2025-04-06 17:53:10.319 -03:00 [INF] Analisando arquivo: src/SupplyChain/Edata.Vision.Application.SupplyChain/ViewModels/OrderViewModels/OrderItemViewModel.cs
2025-04-06 17:53:10.321 -03:00 [INF] Analisando diferenças para src/SupplyChain/Edata.Vision.Application.SupplyChain/ViewModels/OrderViewModels/OrderItemViewModel.cs (940 caracteres)
2025-04-06 17:53:10.323 -03:00 [INF] Analisando diferenças para src/SupplyChain/Edata.Vision.Application.SupplyChain/ViewModels/OrderViewModels/OrderItemViewModel.cs (940 caracteres)
2025-04-06 17:53:10.325 -03:00 [INF] Iniciando análise de diferenças para arquivo: src/SupplyChain/Edata.Vision.Application.SupplyChain/ViewModels/OrderViewModels/OrderItemViewModel.cs
2025-04-06 17:53:10.326 -03:00 [INF] Iniciando análise de diferenças para arquivo: src/SupplyChain/Edata.Vision.Application.SupplyChain/ViewModels/OrderViewModels/OrderItemViewModel.cs
2025-04-06 17:53:10.327 -03:00 [INF] Construindo prompt para análise de diferenças para arquivo src/SupplyChain/Edata.Vision.Application.SupplyChain/ViewModels/OrderViewModels/OrderItemViewModel.cs
2025-04-06 17:53:10.328 -03:00 [INF] Construindo prompt para análise de diferenças para arquivo src/SupplyChain/Edata.Vision.Application.SupplyChain/ViewModels/OrderViewModels/OrderItemViewModel.cs
2025-04-06 17:53:10.329 -03:00 [INF] Processando prompt completo para análise de diferenças
2025-04-06 17:53:10.330 -03:00 [INF] Processando prompt completo para análise de diferenças
2025-04-06 17:53:10.331 -03:00 [INF] Processando parte do prompt com 3197 caracteres usando modelo codellama:latest
2025-04-06 17:53:10.331 -03:00 [INF] Processando parte do prompt com 3197 caracteres usando modelo codellama:latest
2025-04-06 17:55:22.323 -03:00 [WRN] Não foi possível encontrar o início do JSON na resposta
2025-04-06 17:55:22.324 -03:00 [WRN] Não foi possível encontrar o início do JSON na resposta
2025-04-06 17:55:22.325 -03:00 [INF] Tentando converter resposta em texto para JSON
2025-04-06 17:55:22.325 -03:00 [INF] Tentando converter resposta em texto para JSON
2025-04-06 17:55:22.326 -03:00 [INF] Não foi possível extrair uma proposta de refatoração válida do texto da resposta.
2025-04-06 17:55:22.327 -03:00 [INF] Não foi possível extrair uma proposta de refatoração válida do texto da resposta.
2025-04-06 17:55:22.331 -03:00 [INF] Resposta em texto convertida para JSON com sucesso: 9137 caracteres
2025-04-06 17:55:22.331 -03:00 [INF] Resposta em texto convertida para JSON com sucesso: 9137 caracteres
2025-04-06 17:55:22.332 -03:00 [INF] Processamento concluído em 131.9999431 segundos
2025-04-06 17:55:22.334 -03:00 [INF] Processamento concluído em 131.9999431 segundos
2025-04-06 17:55:22.335 -03:00 [INF] Nenhuma proposta de refatoração encontrada para o arquivo src/SupplyChain/Edata.Vision.Application.SupplyChain/ViewModels/OrderViewModels/OrderItemViewModel.cs
2025-04-06 17:55:22.336 -03:00 [INF] Nenhuma proposta de refatoração encontrada para o arquivo src/SupplyChain/Edata.Vision.Application.SupplyChain/ViewModels/OrderViewModels/OrderItemViewModel.cs
2025-04-06 17:55:22.337 -03:00 [INF] Análise de diferenças concluída para arquivo src/SupplyChain/Edata.Vision.Application.SupplyChain/ViewModels/OrderViewModels/OrderItemViewModel.cs em 132.0096101 segundos. Pontuação final: 76
2025-04-06 17:55:22.338 -03:00 [INF] Análise de diferenças concluída para arquivo src/SupplyChain/Edata.Vision.Application.SupplyChain/ViewModels/OrderViewModels/OrderItemViewModel.cs em 132.0096101 segundos. Pontuação final: 76
2025-04-06 17:55:22.342 -03:00 [INF] Análise salva com sucesso para o arquivo src/SupplyChain/Edata.Vision.Application.SupplyChain/ViewModels/OrderViewModels/OrderItemViewModel.cs
2025-04-06 17:55:22.343 -03:00 [INF] Análise salva com sucesso para o arquivo src/SupplyChain/Edata.Vision.Application.SupplyChain/ViewModels/OrderViewModels/OrderItemViewModel.cs
2025-04-06 17:55:22.344 -03:00 [INF] Analisando arquivo: src/SupplyChain/Edata.Vision.Application.SupplyChain/ViewModels/OrderViewModels/OrderViewModel.cs
2025-04-06 17:55:22.346 -03:00 [INF] Analisando arquivo: src/SupplyChain/Edata.Vision.Application.SupplyChain/ViewModels/OrderViewModels/OrderViewModel.cs
2025-04-06 17:55:22.347 -03:00 [INF] Analisando diferenças para src/SupplyChain/Edata.Vision.Application.SupplyChain/ViewModels/OrderViewModels/OrderViewModel.cs (1359 caracteres)
2025-04-06 17:55:22.348 -03:00 [INF] Analisando diferenças para src/SupplyChain/Edata.Vision.Application.SupplyChain/ViewModels/OrderViewModels/OrderViewModel.cs (1359 caracteres)
2025-04-06 17:55:22.349 -03:00 [INF] Iniciando análise de diferenças para arquivo: src/SupplyChain/Edata.Vision.Application.SupplyChain/ViewModels/OrderViewModels/OrderViewModel.cs
2025-04-06 17:55:22.350 -03:00 [INF] Iniciando análise de diferenças para arquivo: src/SupplyChain/Edata.Vision.Application.SupplyChain/ViewModels/OrderViewModels/OrderViewModel.cs
2025-04-06 17:55:22.352 -03:00 [INF] Construindo prompt para análise de diferenças para arquivo src/SupplyChain/Edata.Vision.Application.SupplyChain/ViewModels/OrderViewModels/OrderViewModel.cs
2025-04-06 17:55:22.353 -03:00 [INF] Construindo prompt para análise de diferenças para arquivo src/SupplyChain/Edata.Vision.Application.SupplyChain/ViewModels/OrderViewModels/OrderViewModel.cs
2025-04-06 17:55:22.354 -03:00 [INF] Processando prompt completo para análise de diferenças
2025-04-06 17:55:22.355 -03:00 [INF] Processando prompt completo para análise de diferenças
2025-04-06 17:55:22.356 -03:00 [INF] Processando parte do prompt com 3612 caracteres usando modelo codellama:latest
2025-04-06 17:55:22.356 -03:00 [INF] Processando parte do prompt com 3612 caracteres usando modelo codellama:latest
2025-04-06 17:58:25.781 -03:00 [WRN] Não foi possível encontrar o início do JSON na resposta
2025-04-06 17:58:25.783 -03:00 [WRN] Não foi possível encontrar o início do JSON na resposta
2025-04-06 17:58:25.784 -03:00 [INF] Tentando converter resposta em texto para JSON
2025-04-06 17:58:25.785 -03:00 [INF] Tentando converter resposta em texto para JSON
2025-04-06 17:58:25.786 -03:00 [INF] Não foi possível extrair uma proposta de refatoração válida do texto da resposta.
2025-04-06 17:58:25.786 -03:00 [INF] Não foi possível extrair uma proposta de refatoração válida do texto da resposta.
2025-04-06 17:58:25.787 -03:00 [INF] Resposta em texto convertida para JSON com sucesso: 1170 caracteres
2025-04-06 17:58:25.788 -03:00 [INF] Resposta em texto convertida para JSON com sucesso: 1170 caracteres
2025-04-06 17:58:25.789 -03:00 [INF] Processamento concluído em 183.431539 segundos
2025-04-06 17:58:25.790 -03:00 [INF] Processamento concluído em 183.431539 segundos
2025-04-06 17:58:25.794 -03:00 [INF] Nenhuma proposta de refatoração encontrada para o arquivo src/SupplyChain/Edata.Vision.Application.SupplyChain/ViewModels/OrderViewModels/OrderViewModel.cs
2025-04-06 17:58:25.797 -03:00 [INF] Nenhuma proposta de refatoração encontrada para o arquivo src/SupplyChain/Edata.Vision.Application.SupplyChain/ViewModels/OrderViewModels/OrderViewModel.cs
2025-04-06 17:58:25.800 -03:00 [INF] Análise de diferenças concluída para arquivo src/SupplyChain/Edata.Vision.Application.SupplyChain/ViewModels/OrderViewModels/OrderViewModel.cs em 183.4482612 segundos. Pontuação final: 68
2025-04-06 17:58:25.802 -03:00 [INF] Análise de diferenças concluída para arquivo src/SupplyChain/Edata.Vision.Application.SupplyChain/ViewModels/OrderViewModels/OrderViewModel.cs em 183.4482612 segundos. Pontuação final: 68
2025-04-06 17:58:25.805 -03:00 [INF] Análise salva com sucesso para o arquivo src/SupplyChain/Edata.Vision.Application.SupplyChain/ViewModels/OrderViewModels/OrderViewModel.cs
2025-04-06 17:58:25.807 -03:00 [INF] Análise salva com sucesso para o arquivo src/SupplyChain/Edata.Vision.Application.SupplyChain/ViewModels/OrderViewModels/OrderViewModel.cs
2025-04-06 17:58:25.808 -03:00 [INF] Analisando arquivo: src/SupplyChain/Edata.Vision.Application.SupplyChain/ViewModels/PackagingMaterialViewModels/PackagingMaterialViewModel.cs
2025-04-06 17:58:25.809 -03:00 [INF] Analisando arquivo: src/SupplyChain/Edata.Vision.Application.SupplyChain/ViewModels/PackagingMaterialViewModels/PackagingMaterialViewModel.cs
2025-04-06 17:58:25.810 -03:00 [INF] Analisando diferenças para src/SupplyChain/Edata.Vision.Application.SupplyChain/ViewModels/PackagingMaterialViewModels/PackagingMaterialViewModel.cs (595 caracteres)
2025-04-06 17:58:25.812 -03:00 [INF] Analisando diferenças para src/SupplyChain/Edata.Vision.Application.SupplyChain/ViewModels/PackagingMaterialViewModels/PackagingMaterialViewModel.cs (595 caracteres)
2025-04-06 17:58:25.816 -03:00 [INF] Iniciando análise de diferenças para arquivo: src/SupplyChain/Edata.Vision.Application.SupplyChain/ViewModels/PackagingMaterialViewModels/PackagingMaterialViewModel.cs
2025-04-06 17:58:25.817 -03:00 [INF] Iniciando análise de diferenças para arquivo: src/SupplyChain/Edata.Vision.Application.SupplyChain/ViewModels/PackagingMaterialViewModels/PackagingMaterialViewModel.cs
2025-04-06 17:58:25.818 -03:00 [INF] Construindo prompt para análise de diferenças para arquivo src/SupplyChain/Edata.Vision.Application.SupplyChain/ViewModels/PackagingMaterialViewModels/PackagingMaterialViewModel.cs
2025-04-06 17:58:25.820 -03:00 [INF] Construindo prompt para análise de diferenças para arquivo src/SupplyChain/Edata.Vision.Application.SupplyChain/ViewModels/PackagingMaterialViewModels/PackagingMaterialViewModel.cs
2025-04-06 17:58:25.822 -03:00 [INF] Processando prompt completo para análise de diferenças
2025-04-06 17:58:25.823 -03:00 [INF] Processando prompt completo para análise de diferenças
2025-04-06 17:58:25.823 -03:00 [INF] Processando parte do prompt com 2872 caracteres usando modelo codellama:latest
2025-04-06 17:58:25.824 -03:00 [INF] Processando parte do prompt com 2872 caracteres usando modelo codellama:latest
2025-04-06 18:03:23.275 -03:00 [WRN] Não foi possível encontrar o início do JSON na resposta
2025-04-06 18:03:23.276 -03:00 [WRN] Não foi possível encontrar o início do JSON na resposta
2025-04-06 18:03:23.278 -03:00 [INF] Tentando converter resposta em texto para JSON
2025-04-06 18:03:23.279 -03:00 [INF] Tentando converter resposta em texto para JSON
2025-04-06 18:03:23.280 -03:00 [INF] Não foi possível extrair uma proposta de refatoração válida do texto da resposta.
2025-04-06 18:03:23.281 -03:00 [INF] Não foi possível extrair uma proposta de refatoração válida do texto da resposta.
2025-04-06 18:03:23.283 -03:00 [INF] Resposta em texto convertida para JSON com sucesso: 1297 caracteres
2025-04-06 18:03:23.284 -03:00 [INF] Resposta em texto convertida para JSON com sucesso: 1297 caracteres
2025-04-06 18:03:23.285 -03:00 [INF] Processamento concluído em 297.4602962 segundos
2025-04-06 18:03:23.286 -03:00 [INF] Processamento concluído em 297.4602962 segundos
2025-04-06 18:03:23.287 -03:00 [INF] Nenhuma proposta de refatoração encontrada para o arquivo src/SupplyChain/Edata.Vision.Application.SupplyChain/ViewModels/PackagingMaterialViewModels/PackagingMaterialViewModel.cs
2025-04-06 18:03:23.289 -03:00 [INF] Nenhuma proposta de refatoração encontrada para o arquivo src/SupplyChain/Edata.Vision.Application.SupplyChain/ViewModels/PackagingMaterialViewModels/PackagingMaterialViewModel.cs
2025-04-06 18:03:23.290 -03:00 [INF] Análise de diferenças concluída para arquivo src/SupplyChain/Edata.Vision.Application.SupplyChain/ViewModels/PackagingMaterialViewModels/PackagingMaterialViewModel.cs em 297.4720871 segundos. Pontuação final: 68
2025-04-06 18:03:23.291 -03:00 [INF] Análise de diferenças concluída para arquivo src/SupplyChain/Edata.Vision.Application.SupplyChain/ViewModels/PackagingMaterialViewModels/PackagingMaterialViewModel.cs em 297.4720871 segundos. Pontuação final: 68
2025-04-06 18:03:23.319 -03:00 [INF] Análise salva com sucesso para o arquivo src/SupplyChain/Edata.Vision.Application.SupplyChain/ViewModels/PackagingMaterialViewModels/PackagingMaterialViewModel.cs
2025-04-06 18:03:23.320 -03:00 [INF] Análise salva com sucesso para o arquivo src/SupplyChain/Edata.Vision.Application.SupplyChain/ViewModels/PackagingMaterialViewModels/PackagingMaterialViewModel.cs
2025-04-06 18:03:23.321 -03:00 [INF] Analisando arquivo: src/SupplyChain/Edata.Vision.Application.SupplyChain/ViewModels/PersonAddressesViewModels/PersonAddressViewModel.cs
2025-04-06 18:03:23.323 -03:00 [INF] Analisando arquivo: src/SupplyChain/Edata.Vision.Application.SupplyChain/ViewModels/PersonAddressesViewModels/PersonAddressViewModel.cs
2025-04-06 18:03:23.324 -03:00 [INF] Analisando diferenças para src/SupplyChain/Edata.Vision.Application.SupplyChain/ViewModels/PersonAddressesViewModels/PersonAddressViewModel.cs (765 caracteres)
2025-04-06 18:03:23.325 -03:00 [INF] Analisando diferenças para src/SupplyChain/Edata.Vision.Application.SupplyChain/ViewModels/PersonAddressesViewModels/PersonAddressViewModel.cs (765 caracteres)
2025-04-06 18:03:23.327 -03:00 [INF] Iniciando análise de diferenças para arquivo: src/SupplyChain/Edata.Vision.Application.SupplyChain/ViewModels/PersonAddressesViewModels/PersonAddressViewModel.cs
2025-04-06 18:03:23.328 -03:00 [INF] Iniciando análise de diferenças para arquivo: src/SupplyChain/Edata.Vision.Application.SupplyChain/ViewModels/PersonAddressesViewModels/PersonAddressViewModel.cs
2025-04-06 18:03:23.330 -03:00 [INF] Construindo prompt para análise de diferenças para arquivo src/SupplyChain/Edata.Vision.Application.SupplyChain/ViewModels/PersonAddressesViewModels/PersonAddressViewModel.cs
2025-04-06 18:03:23.334 -03:00 [INF] Construindo prompt para análise de diferenças para arquivo src/SupplyChain/Edata.Vision.Application.SupplyChain/ViewModels/PersonAddressesViewModels/PersonAddressViewModel.cs
2025-04-06 18:03:23.335 -03:00 [INF] Processando prompt completo para análise de diferenças
2025-04-06 18:03:23.336 -03:00 [INF] Processando prompt completo para análise de diferenças
2025-04-06 18:03:23.337 -03:00 [INF] Processando parte do prompt com 3036 caracteres usando modelo codellama:latest
2025-04-06 18:03:23.340 -03:00 [INF] Processando parte do prompt com 3036 caracteres usando modelo codellama:latest
